#
# A fatal error has been detected by the Java Runtime Environment:
#
#  EXCEPTION_ACCESS_VIOLATION (0xc0000005) at pc=0x00007ffbef8f7860, pid=37432, tid=22228
#
# JRE version: Java(TM) SE Runtime Environment (9.0+11) (build 9.0.4+11)
# Java VM: Java HotSpot(TM) 64-Bit Server VM (9.0.4+11, mixed mode, tiered, compressed oops, g1 gc, windows-amd64)
# Problematic frame:
# C  [librdi_coregen.dll+0xa67860]
#
# No core dump will be written. Minidumps are not enabled by default on client versions of Windows
#
# If you would like to submit a bug report, please visit:
#   http://bugreport.java.com/bugreport/crash.jsp
# The crash happened outside the Java Virtual Machine in native code.
# See problematic frame for where to report the bug.
#

---------------  S U M M A R Y ------------

Command Line: -Dsun.java2d.pmoffscreen=false -Dsun.java2d.xrender=false -Dsun.java2d.d3d=false -Dsun.awt.nopixfmt=true -Dsun.java2d.dpiaware=true -Dsun.java2d.uiScale.enabled=false -Xverify:none -Dswing.aatext=true -XX:-UsePerfData -Djdk.map.althashing.threshold=512 -XX:StringTableSize=4072 --add-opens=java.base/java.nio=ALL-UNNAMED --add-opens=java.desktop/sun.swing=ALL-UNNAMED --add-opens=java.desktop/javax.swing=ALL-UNNAMED --add-opens=java.desktop/javax.swing.tree=ALL-UNNAMED --add-opens=java.desktop/javax.swing.plaf.basic=ALL-UNNAMED --add-opens=java.desktop/javax.swing.plaf.synth=ALL-UNNAMED --add-opens=java.desktop/com.sun.awt=ALL-UNNAMED -XX:NewSize=60m -XX:MaxNewSize=60m -Xms128m -Xmx3072m -Xss5m 

Host: Intel(R) Core(TM) i9-10885H CPU @ 2.40GHz, 16 cores, 15G,  Windows 10 , 64 bit Build 19041 (10.0.19041.804)
Time: Wed Mar 24 16:21:32 2021 ora solare Europa occidentale elapsed time: 20964 seconds (0d 5h 49m 24s)

---------------  T H R E A D  ---------------

Current thread (0x00000183d82d4000):  JavaThread "AWT-EventQueue-1" [_thread_in_native, id=22228, stack(0x0000006800f00000,0x0000006801400000)]

Stack: [0x0000006800f00000,0x0000006801400000],  sp=0x00000068013fcca8,  free space=5107k
Native frames: (J=compiled Java code, j=interpreted, Vv=VM code, C=native code)
C  [librdi_coregen.dll+0xa67860]

Java frames: (J=compiled Java code, j=interpreted, Vv=VM code)
J 20246  ui.data.rsbi.RSBDesign_getParent(J)J (0 bytes) @ 0x00000183c66e7da1 [0x00000183c66e7d60+0x0000000000000041]
J 26912 c1 ui.data.k.aF.ap(Lui/data/bh;)Lui/data/k/aj; (150 bytes) @ 0x00000183bfc4aee4 [0x00000183bfc48800+0x00000000000026e4]
J 27110 c1 ui.data.k.aF.ao(Lui/data/bh;)Z (43 bytes) @ 0x00000183c08dfd04 [0x00000183c08dfc80+0x0000000000000084]
j  ui.views.R.du.cTv()V+14
j  ui.views.R.du.av(Lui/data/bh;)V+13
j  ui.b.c.bL.ax(Lui/data/bh;)V+7
j  ui.b.c.bl.ax(Lui/data/bh;)V+35
j  ui.views.cz.ax(Lui/data/bh;)V+5
j  ui.views.cz.display()V+107
j  ui.views.cz.fhz()V+52
J 31622 c1 ui.views.bD.ffK()V (86 bytes) @ 0x00000183c2445124 [0x00000183c24441e0+0x0000000000000f44]
j  ui.views.bD.d(Z)V+30
J 25728 c2 ui.i.g(Ljava/lang/String;)V (118 bytes) @ 0x00000183c7dc92f4 [0x00000183c7dc8c80+0x0000000000000674]
j  ui.i.F()V+3
j  ui.b.m.b(I)V+26
j  ui.b.c.by.x()V+193
j  ui.b.c.bH.finished()V+4
J 21194 c2 ui.frmwork.x.run()V (15 bytes) @ 0x00000183c6d387d0 [0x00000183c6d38100+0x00000000000006d0]
J 14704 c2 java.awt.EventQueue.dispatchEventImpl(Ljava/awt/AWTEvent;Ljava/lang/Object;)V java.desktop@9.0.4 (136 bytes) @ 0x00000183c6f6a420 [0x00000183c6f69f00+0x0000000000000520]
J 14771 c2 java.awt.EventQueue$3.run()Ljava/lang/Object; java.desktop@9.0.4 (5 bytes) @ 0x00000183c6f971ac [0x00000183c6f97140+0x000000000000006c]
v  ~StubRoutines::call_stub
J 4190  java.security.AccessController.doPrivileged(Ljava/security/PrivilegedAction;Ljava/security/AccessControlContext;)Ljava/lang/Object; java.base@9.0.4 (0 bytes) @ 0x00000183c652a246 [0x00000183c652a1e0+0x0000000000000066]
J 14547 c2 ui.frmwork.b.d.dispatchEvent(Ljava/awt/AWTEvent;)V (34 bytes) @ 0x00000183c6f40b5c [0x00000183c6f40780+0x00000000000003dc]
J 25248 c2 java.awt.EventDispatchThread.pumpOneEventForFilters(I)V java.desktop@9.0.4 (218 bytes) @ 0x00000183c7cedda8 [0x00000183c7ceda80+0x0000000000000328]
J 19805% c2 java.awt.EventDispatchThread.pumpEventsForFilter(ILjava/awt/Conditional;Ljava/awt/EventFilter;)V java.desktop@9.0.4 (47 bytes) @ 0x00000183c6c53640 [0x00000183c6c53540+0x0000000000000100]
j  java.awt.EventDispatchThread.pumpEventsForHierarchy(ILjava/awt/Conditional;Ljava/awt/Component;)V+11 java.desktop@9.0.4
j  java.awt.EventDispatchThread.pumpEvents(ILjava/awt/Conditional;)V+4 java.desktop@9.0.4
j  java.awt.EventDispatchThread.pumpEvents(Ljava/awt/Conditional;)V+3 java.desktop@9.0.4
j  java.awt.EventDispatchThread.run()V+9 java.desktop@9.0.4
v  ~StubRoutines::call_stub

siginfo: EXCEPTION_ACCESS_VIOLATION (0xc0000005), reading address 0x0000000000000050


Register to memory mapping:

RIP=0x00007ffbef8f7860 librdi_coregen.dll
RAX=0x000050a549094576 is an unknown value
RBX=0x00000068013fcde0 is pointing into the stack for thread: 0x00000183d82d4000
RCX=0x0000000000000000 is an unknown value
RDX=0x00000068013fcdc0 is pointing into the stack for thread: 0x00000183d82d4000
RSP=0x00000068013fcca8 is pointing into the stack for thread: 0x00000183d82d4000
RBP=0x00000068013fcdd0 is pointing into the stack for thread: 0x00000183d82d4000
RSI=0x00000183ef349b38 is pointing into metadata
RDI=0x0000000000000424 is an unknown value
R8 =0x0000000000000000 is an unknown value
R9 =0x0000000000000000 is an unknown value
R10=0x00007ffc0957abb0 librdi_rsb.dll
R11=0x0000000000000000 is an unknown value
R12=0x0000000000000000 is an unknown value
R13=0x00000183bfc4ae6c is at entry_point+9836 in (nmethod*)0x00000183bfc48110
R14=0x00000068013fcdc0 is pointing into the stack for thread: 0x00000183d82d4000
R15=0x00000183d82d4000 is a thread


Registers:
RAX=0x000050a549094576, RBX=0x00000068013fcde0, RCX=0x0000000000000000, RDX=0x00000068013fcdc0
RSP=0x00000068013fcca8, RBP=0x00000068013fcdd0, RSI=0x00000183ef349b38, RDI=0x0000000000000424
R8 =0x0000000000000000, R9 =0x0000000000000000, R10=0x00007ffc0957abb0, R11=0x0000000000000000
R12=0x0000000000000000, R13=0x00000183bfc4ae6c, R14=0x00000068013fcdc0, R15=0x00000183d82d4000
RIP=0x00007ffbef8f7860, EFLAGS=0x0000000000010202

Top of Stack: (sp=0x00000068013fcca8)
0x00000068013fcca8:   00007ffc0957abe0 00000183d92f99d1
0x00000068013fccb8:   00000068013fcd08 00000183d92fb698
0x00000068013fccc8:   00000183dfb40900 00000183d82d4218
0x00000068013fccd8:   fffffffffffffffe 0000000000000000
0x00000068013fcce8:   00000068013fcd08 00000068013fcd58
0x00000068013fccf8:   00000183be71b603 0000000713fb2888
0x00000068013fcd08:   0000000701f3fe48 00000068013fcd10
0x00000068013fcd18:   00000183d7b847c1 00000068013fcd68
0x00000068013fcd28:   00000183d7b85550 00000183dfb406f0
0x00000068013fcd38:   0000000700042608 00000183d7b847d0
0x00000068013fcd48:   0000000000000000 00000068013fcdb8
0x00000068013fcd58:   000050a549094576 00000183be71add0
0x00000068013fcd68:   00000183c66e7e3a 00000068013fcd70
0x00000068013fcd78:   00000183d7cc42e8 00000068013fcdd8
0x00000068013fcd88:   00000183d7cc48a0 00000183d9074500
0x00000068013fcd98:   00000007000420f8 00000183d7cc42f8 

Instructions: (pc=0x00007ffbef8f7860)
0x00007ffbef8f7840:   00 00 48 c1 f8 03 c3 cc cc cc cc cc cc cc cc cc
0x00007ffbef8f7850:   48 8b 41 50 48 8b 80 f0 00 00 00 c3 cc cc cc cc
0x00007ffbef8f7860:   48 8b 41 50 48 8b 80 f0 00 00 00 c3 cc cc cc cc
0x00007ffbef8f7870:   40 53 48 83 ec 60 48 c7 44 24 28 fe ff ff ff 48 



---------------  P R O C E S S  ---------------

Java Threads: ( => current thread )
  0x00000183ed491800 JavaThread "Timer-7" daemon [_thread_blocked, id=40544, stack(0x0000006809200000,0x0000006809700000)]
  0x00000183ed490000 JavaThread "RunnableQueue-2" daemon [_thread_blocked, id=35252, stack(0x0000006808100000,0x0000006808600000)]
  0x00000183ed492000 JavaThread "Timer-6" daemon [_thread_blocked, id=44364, stack(0x0000006806200000,0x0000006806700000)]
  0x00000183ed48f000 JavaThread "RunnableQueue-1" daemon [_thread_blocked, id=30936, stack(0x0000006805d00000,0x0000006806200000)]
  0x00000183ed48d000 JavaThread "Timer-5" daemon [_thread_blocked, id=5116, stack(0x0000006805800000,0x0000006805d00000)]
  0x00000183ed48a000 JavaThread "RunnableQueue-0" daemon [_thread_blocked, id=24704, stack(0x0000006805300000,0x0000006805800000)]
  0x00000183ed489000 JavaThread "Swing-Shell" daemon [_thread_blocked, id=9480, stack(0x0000006807c00000,0x0000006808100000)]
  0x00000183ed48e800 JavaThread "Monitor File Timestamp Swing Worker" [_thread_blocked, id=23724, stack(0x0000006808d00000,0x0000006809200000)]
  0x00000183ed48d800 JavaThread "Timer-4" [_thread_blocked, id=33676, stack(0x0000006808800000,0x0000006808d00000)]
  0x00000183ed48b800 JavaThread "SyntheticaAnimation 50" daemon [_thread_blocked, id=29836, stack(0x0000006803000000,0x0000006803500000)]
  0x00000183addec800 JavaThread "Image Animator 0" daemon [_thread_blocked, id=40720, stack(0x0000006807600000,0x0000006807b00000)]
  0x00000183adde3000 JavaThread "Monitor File Timestamp Swing Worker" [_thread_blocked, id=12676, stack(0x0000006804400000,0x0000006804900000)]
  0x00000183adde4800 JavaThread "Timer-0" [_thread_blocked, id=24456, stack(0x0000006803f00000,0x0000006804400000)]
  0x00000183adde0000 JavaThread "SyntheticaAnimation 50" daemon [_thread_blocked, id=17536, stack(0x0000006800000000,0x0000006800500000)]
  0x00000183adde4000 JavaThread "Update Runs Swing Worker" [_thread_blocked, id=26964, stack(0x0000006804e00000,0x0000006805300000)]
  0x00000183b1d79800 JavaThread "hw_ila_monitor" [_thread_blocked, id=32920, stack(0x0000006803a00000,0x0000006803f00000)]
  0x00000183b1d7c800 JavaThread "Refresh Filesets Swing Worker" [_thread_blocked, id=23024, stack(0x0000006801400000,0x0000006801900000)]
  0x00000183b1d78800 JavaThread "SyntheticaAnimation 70" daemon [_thread_blocked, id=36464, stack(0x0000006803500000,0x0000006803a00000)]
  0x00000183b1d78000 JavaThread "SyntheticaAnimation 25" daemon [_thread_blocked, id=28816, stack(0x0000006802b00000,0x0000006803000000)]
  0x00000183b1d77000 JavaThread "SyntheticaAnimation 50" daemon [_thread_blocked, id=43820, stack(0x0000006802600000,0x0000006802b00000)]
  0x00000183b1d76800 JavaThread "Monitor HEventQueue" [_thread_blocked, id=35920, stack(0x0000006802100000,0x0000006802600000)]
  0x00000183b1d7b800 JavaThread "SyntheticaCleanerThread" daemon [_thread_blocked, id=33972, stack(0x0000006801900000,0x0000006801e00000)]
  0x00000183b1d7b000 JavaThread "Batik CleanerThread" daemon [_thread_blocked, id=20552, stack(0x0000006800500000,0x0000006800a00000)]
=>0x00000183d82d4000 JavaThread "AWT-EventQueue-1" [_thread_in_native, id=22228, stack(0x0000006800f00000,0x0000006801400000)]
  0x00000183d67d6800 JavaThread "Process Messages" [_thread_blocked, id=32596, stack(0x0000006800a00000,0x0000006800f00000)]
  0x00000183d860b000 JavaThread "Thread-1" [_thread_in_native, id=20272, stack(0x0000006878500000,0x0000006879900000)]
  0x00000183d6c11000 JavaThread "TimerQueue" daemon [_thread_blocked, id=32252, stack(0x000000687fb00000,0x0000006880000000)]
  0x00000183d674f000 JavaThread "AWT-Windows" daemon [_thread_in_native, id=30732, stack(0x000000687f600000,0x000000687fb00000)]
  0x00000183d6713000 JavaThread "AWT-Shutdown" [_thread_blocked, id=43268, stack(0x000000687f100000,0x000000687f600000)]
  0x00000183d674e000 JavaThread "Java2D Disposer" daemon [_thread_blocked, id=45424, stack(0x000000687ec00000,0x000000687f100000)]
  0x00000183adc61800 JavaThread "Service Thread" daemon [_thread_blocked, id=45108, stack(0x000000687e600000,0x000000687eb00000)]
  0x00000183b0850000 JavaThread "Common-Cleaner" daemon [_thread_blocked, id=30992, stack(0x000000687e100000,0x000000687e600000)]
  0x00000183b1d7a000 JavaThread "Sweeper thread" daemon [_thread_blocked, id=27856, stack(0x000000687dc00000,0x000000687e100000)]
  0x00000183b17ab000 JavaThread "C1 CompilerThread11" daemon [_thread_blocked, id=34568, stack(0x000000687db00000,0x000000687dc00000)]
  0x00000183b17aa800 JavaThread "C1 CompilerThread10" daemon [_thread_blocked, id=33040, stack(0x000000687da00000,0x000000687db00000)]
  0x00000183b17b1800 JavaThread "C1 CompilerThread9" daemon [_thread_blocked, id=19584, stack(0x000000687d900000,0x000000687da00000)]
  0x00000183b17b0800 JavaThread "C1 CompilerThread8" daemon [_thread_blocked, id=42504, stack(0x000000687d800000,0x000000687d900000)]
  0x00000183b17b0000 JavaThread "C2 CompilerThread7" daemon [_thread_blocked, id=2932, stack(0x000000687d700000,0x000000687d800000)]
  0x00000183b17ac000 JavaThread "C2 CompilerThread6" daemon [_thread_blocked, id=39216, stack(0x000000687d600000,0x000000687d700000)]
  0x00000183b0841800 JavaThread "C2 CompilerThread5" daemon [_thread_blocked, id=33604, stack(0x000000687d500000,0x000000687d600000)]
  0x00000183b0840800 JavaThread "C2 CompilerThread4" daemon [_thread_blocked, id=25996, stack(0x000000687d400000,0x000000687d500000)]
  0x00000183b083f000 JavaThread "C2 CompilerThread3" daemon [_thread_blocked, id=11656, stack(0x000000687d300000,0x000000687d400000)]
  0x00000183b083e800 JavaThread "C2 CompilerThread2" daemon [_thread_blocked, id=12016, stack(0x000000687d200000,0x000000687d300000)]
  0x00000183b083d800 JavaThread "C2 CompilerThread1" daemon [_thread_blocked, id=32808, stack(0x000000687d100000,0x000000687d200000)]
  0x00000183b083d000 JavaThread "C2 CompilerThread0" daemon [_thread_blocked, id=39324, stack(0x000000687d000000,0x000000687d100000)]
  0x00000183b083c000 JavaThread "Attach Listener" daemon [_thread_blocked, id=40304, stack(0x000000687cb00000,0x000000687d000000)]
  0x00000183b083b800 JavaThread "Signal Dispatcher" daemon [_thread_blocked, id=37664, stack(0x000000687c600000,0x000000687cb00000)]
  0x00000183b082f800 JavaThread "Finalizer" daemon [_thread_blocked, id=43720, stack(0x000000687c100000,0x000000687c600000)]
  0x00000183b7783000 JavaThread "Reference Handler" daemon [_thread_blocked, id=35188, stack(0x000000687bc00000,0x000000687c100000)]
  0x00000183b0c42800 JavaThread "main" [_thread_blocked, id=28976, stack(0x0000006878400000,0x0000006878500000)]

Other Threads:
  0x00000183ada32800 VMThread "VM Thread" [stack: 0x000000687bb00000,0x000000687bc00000] [id=34888]
  0x00000183d614c800 WatcherThread [stack: 0x000000687eb00000,0x000000687ec00000] [id=34628]
  0x00000183b1568800 GCTaskThread "GC Thread#0" [stack: 0x0000006879c00000,0x0000006879d00000] [id=43976]
  0x00000183b1569000 GCTaskThread "GC Thread#1" [stack: 0x0000006879d00000,0x0000006879e00000] [id=45244]
  0x00000183b160e800 GCTaskThread "GC Thread#2" [stack: 0x0000006879e00000,0x0000006879f00000] [id=40988]
  0x00000183b3936800 GCTaskThread "GC Thread#3" [stack: 0x0000006879f00000,0x000000687a000000] [id=33584]
  0x00000183b1e6e800 GCTaskThread "GC Thread#4" [stack: 0x000000687a000000,0x000000687a100000] [id=28156]
  0x00000183b33bb000 GCTaskThread "GC Thread#5" [stack: 0x000000687a100000,0x000000687a200000] [id=31556]
  0x00000183ae90d800 GCTaskThread "GC Thread#6" [stack: 0x000000687a200000,0x000000687a300000] [id=26864]
  0x00000183b3a5f800 GCTaskThread "GC Thread#7" [stack: 0x000000687a300000,0x000000687a400000] [id=36088]
  0x00000183b3a60000 GCTaskThread "GC Thread#8" [stack: 0x000000687a400000,0x000000687a500000] [id=20976]
  0x00000183b3a61000 GCTaskThread "GC Thread#9" [stack: 0x000000687a500000,0x000000687a600000] [id=19832]
  0x00000183b7bc2000 GCTaskThread "GC Thread#10" [stack: 0x000000687a600000,0x000000687a700000] [id=22904]
  0x00000183b7bc2800 GCTaskThread "GC Thread#11" [stack: 0x000000687a700000,0x000000687a800000] [id=38584]
  0x00000183b7bc4000 GCTaskThread "GC Thread#12" [stack: 0x000000687a800000,0x000000687a900000] [id=4752]
  0x00000183b34c2000 ConcurrentGCThread "G1 Main Marker" [stack: 0x000000687b700000,0x000000687b800000] [id=35140]
  0x00000183b34c2800 ConcurrentGCThread "G1 Marker#0" [stack: 0x000000687b800000,0x000000687b900000] [id=23164]
  0x00000183b17be800 ConcurrentGCThread "G1 Marker#1" [stack: 0x000000687b900000,0x000000687ba00000] [id=36368]
  0x00000183b17c7000 ConcurrentGCThread "G1 Marker#2" [stack: 0x000000687ba00000,0x000000687bb00000] [id=43932]
  0x00000183abc17800 ConcurrentGCThread "G1 Refine#0" [stack: 0x000000687b500000,0x000000687b600000] [id=23264]
  0x00000183abc16000 ConcurrentGCThread "G1 Refine#1" [stack: 0x000000687b400000,0x000000687b500000] [id=39360]
  0x00000183abc15800 ConcurrentGCThread "G1 Refine#2" [stack: 0x000000687b300000,0x000000687b400000] [id=21928]
  0x00000183abc14000 ConcurrentGCThread "G1 Refine#3" [stack: 0x000000687b200000,0x000000687b300000] [id=26280]
  0x00000183abc13800 ConcurrentGCThread "G1 Refine#4" [stack: 0x000000687b100000,0x000000687b200000] [id=26828]
  0x00000183abc13000 ConcurrentGCThread "G1 Refine#5" [stack: 0x000000687b000000,0x000000687b100000] [id=24176]
  0x00000183abc12800 ConcurrentGCThread "G1 Refine#6" [stack: 0x000000687af00000,0x000000687b000000] [id=13756]
  0x00000183b7588000 ConcurrentGCThread "G1 Refine#7" [stack: 0x000000687ae00000,0x000000687af00000] [id=11416]
  0x00000183b7587800 ConcurrentGCThread "G1 Refine#8" [stack: 0x000000687ad00000,0x000000687ae00000] [id=38688]
  0x00000183b183b000 ConcurrentGCThread "G1 Refine#9" [stack: 0x000000687ac00000,0x000000687ad00000] [id=1044]
  0x00000183b183a000 ConcurrentGCThread "G1 Refine#10" [stack: 0x000000687ab00000,0x000000687ac00000] [id=25640]
  0x00000183b05c3800 ConcurrentGCThread "G1 Refine#11" [stack: 0x000000687aa00000,0x000000687ab00000] [id=15036]
  0x00000183b1839000 ConcurrentGCThread "G1 Refine#12" [stack: 0x000000687a900000,0x000000687aa00000] [id=19844]
  0x00000183b34bf800 ConcurrentGCThread "G1 Young RemSet Sampling" [stack: 0x000000687b600000,0x000000687b700000] [id=39752]

Threads with active compile tasks:

VM state:not at safepoint (normal execution)

VM Mutex/Monitor currently owned by a thread: None

Heap address: 0x0000000700000000, size: 3072 MB, Compressed Oops mode: Zero based, Oop shift amount: 3
Narrow klass base: 0x0000000000000000, Narrow klass shift: 3
Compressed class space size: 1073741824 Address: 0x00000007c0000000

Heap:
 garbage-first heap   total 345088K, used 191316K [0x0000000700000000, 0x0000000700100a88, 0x00000007c0000000)
  region size 1024K, 38 young (38912K), 4 survivors (4096K)
 Metaspace       used 100099K, capacity 103235K, committed 107776K, reserved 1140736K
  class space    used 14078K, capacity 14688K, committed 15616K, reserved 1048576K
Heap Regions: E=young(eden), S=young(survivor), O=old, HS=humongous(starts), HC=humongous(continues), CS=collection set, F=free, A=archive, TS=gc time stamp, AC=allocation context, TAMS=top-at-mark-start (previous, next)
|   0|0x0000000700000000, 0x00000007000fea18, 0x0000000700100000| 99%| O|  |TS  0|AC  0|TAMS 0x0000000700000000, 0x0000000700000000|
|   1|0x0000000700100000, 0x0000000700200000, 0x0000000700200000|100%|HS|  |TS  0|AC  0|TAMS 0x0000000700100000, 0x0000000700100000|
|   2|0x0000000700200000, 0x0000000700300000, 0x0000000700300000|100%|HC|  |TS  0|AC  0|TAMS 0x0000000700200000, 0x0000000700200000|
|   3|0x0000000700300000, 0x0000000700400000, 0x0000000700400000|100%|HS|  |TS  0|AC  0|TAMS 0x0000000700300000, 0x0000000700300000|
|   4|0x0000000700400000, 0x00000007004fac38, 0x0000000700500000| 97%| O|  |TS  0|AC  0|TAMS 0x0000000700400000, 0x0000000700400000|
|   5|0x0000000700500000, 0x00000007005fd460, 0x0000000700600000| 98%| O|  |TS  0|AC  0|TAMS 0x0000000700500000, 0x0000000700500000|
|   6|0x0000000700600000, 0x00000007006ffff0, 0x0000000700700000| 99%| O|  |TS  0|AC  0|TAMS 0x0000000700600000, 0x0000000700600000|
|   7|0x0000000700700000, 0x00000007007ffff0, 0x0000000700800000| 99%| O|  |TS  0|AC  0|TAMS 0x0000000700700000, 0x0000000700700000|
|   8|0x0000000700800000, 0x00000007008ff410, 0x0000000700900000| 99%| O|  |TS  0|AC  0|TAMS 0x0000000700800000, 0x0000000700800000|
|   9|0x0000000700900000, 0x00000007009ffff8, 0x0000000700a00000| 99%| O|  |TS  0|AC  0|TAMS 0x0000000700900000, 0x0000000700900000|
|  10|0x0000000700a00000, 0x0000000700aed0e8, 0x0000000700b00000| 92%| O|  |TS  0|AC  0|TAMS 0x0000000700a00000, 0x0000000700a00000|
|  11|0x0000000700b00000, 0x0000000700bffff0, 0x0000000700c00000| 99%| O|  |TS  0|AC  0|TAMS 0x0000000700b00000, 0x0000000700b00000|
|  12|0x0000000700c00000, 0x0000000700cf8e18, 0x0000000700d00000| 97%| O|  |TS  0|AC  0|TAMS 0x0000000700c00000, 0x0000000700c00000|
|  13|0x0000000700d00000, 0x0000000700dffff8, 0x0000000700e00000| 99%| O|  |TS  0|AC  0|TAMS 0x0000000700d00000, 0x0000000700d00000|
|  14|0x0000000700e00000, 0x0000000700ef5738, 0x0000000700f00000| 95%| O|  |TS  0|AC  0|TAMS 0x0000000700e00000, 0x0000000700e00000|
|  15|0x0000000700f00000, 0x0000000700ffe738, 0x0000000701000000| 99%| O|  |TS  0|AC  0|TAMS 0x0000000700f00000, 0x0000000700f00000|
|  16|0x0000000701000000, 0x00000007010ffff8, 0x0000000701100000| 99%| O|  |TS  0|AC  0|TAMS 0x0000000701000000, 0x0000000701000000|
|  17|0x0000000701100000, 0x00000007011ffec8, 0x0000000701200000| 99%| O|  |TS  0|AC  0|TAMS 0x0000000701100000, 0x0000000701100000|
|  18|0x0000000701200000, 0x00000007012fffd8, 0x0000000701300000| 99%| O|  |TS  0|AC  0|TAMS 0x0000000701200000, 0x0000000701200000|
|  19|0x0000000701300000, 0x00000007013ffff0, 0x0000000701400000| 99%| O|  |TS  0|AC  0|TAMS 0x0000000701300000, 0x0000000701300000|
|  20|0x0000000701400000, 0x0000000701500000, 0x0000000701500000|100%|HS|  |TS  0|AC  0|TAMS 0x0000000701400000, 0x0000000701400000|
|  21|0x0000000701500000, 0x00000007015ffff8, 0x0000000701600000| 99%| O|  |TS  0|AC  0|TAMS 0x0000000701500000, 0x0000000701500000|
|  22|0x0000000701600000, 0x0000000701700000, 0x0000000701700000|100%| O|  |TS  0|AC  0|TAMS 0x0000000701600000, 0x0000000701600000|
|  23|0x0000000701700000, 0x00000007017ffff8, 0x0000000701800000| 99%| O|  |TS  0|AC  0|TAMS 0x0000000701700000, 0x0000000701700000|
|  24|0x0000000701800000, 0x00000007018ffff8, 0x0000000701900000| 99%| O|  |TS  0|AC  0|TAMS 0x0000000701800000, 0x0000000701800000|
|  25|0x0000000701900000, 0x00000007019fffe0, 0x0000000701a00000| 99%| O|  |TS  0|AC  0|TAMS 0x0000000701900000, 0x0000000701900000|
|  26|0x0000000701a00000, 0x0000000701affff8, 0x0000000701b00000| 99%| O|  |TS  0|AC  0|TAMS 0x0000000701a00000, 0x0000000701a00000|
|  27|0x0000000701b00000, 0x0000000701c00000, 0x0000000701c00000|100%| O|  |TS  0|AC  0|TAMS 0x0000000701b00000, 0x0000000701b00000|
|  28|0x0000000701c00000, 0x0000000701d00000, 0x0000000701d00000|100%| O|  |TS  0|AC  0|TAMS 0x0000000701c00000, 0x0000000701c00000|
|  29|0x0000000701d00000, 0x0000000701dffe80, 0x0000000701e00000| 99%| O|  |TS  0|AC  0|TAMS 0x0000000701d00000, 0x0000000701d00000|
|  30|0x0000000701e00000, 0x0000000701f00000, 0x0000000701f00000|100%| O|  |TS  0|AC  0|TAMS 0x0000000701e00000, 0x0000000701e00000|
|  31|0x0000000701f00000, 0x0000000701ffffd8, 0x0000000702000000| 99%| O|  |TS  0|AC  0|TAMS 0x0000000701f00000, 0x0000000701f00000|
|  32|0x0000000702000000, 0x00000007020f3538, 0x0000000702100000| 95%| O|  |TS  0|AC  0|TAMS 0x0000000702000000, 0x0000000702000000|
|  33|0x0000000702100000, 0x00000007021c4600, 0x0000000702200000| 76%| O|  |TS  0|AC  0|TAMS 0x0000000702100000, 0x0000000702100000|
|  34|0x0000000702200000, 0x00000007022ffff8, 0x0000000702300000| 99%| O|  |TS  0|AC  0|TAMS 0x0000000702200000, 0x0000000702200000|
|  35|0x0000000702300000, 0x00000007023fffe8, 0x0000000702400000| 99%| O|  |TS  0|AC  0|TAMS 0x0000000702300000, 0x0000000702300000|
|  36|0x0000000702400000, 0x0000000702500000, 0x0000000702500000|100%| O|  |TS  0|AC  0|TAMS 0x0000000702400000, 0x0000000702400000|
|  37|0x0000000702500000, 0x00000007025ffff8, 0x0000000702600000| 99%| O|  |TS  0|AC  0|TAMS 0x0000000702500000, 0x0000000702500000|
|  38|0x0000000702600000, 0x00000007026f3700, 0x0000000702700000| 95%| O|  |TS  0|AC  0|TAMS 0x0000000702600000, 0x0000000702600000|
|  39|0x0000000702700000, 0x00000007027dff18, 0x0000000702800000| 87%| O|  |TS  0|AC  0|TAMS 0x0000000702700000, 0x0000000702700000|
|  40|0x0000000702800000, 0x00000007028ffff8, 0x0000000702900000| 99%| O|  |TS  0|AC  0|TAMS 0x0000000702800000, 0x0000000702800000|
|  41|0x0000000702900000, 0x00000007029ffff8, 0x0000000702a00000| 99%| O|  |TS  0|AC  0|TAMS 0x0000000702900000, 0x0000000702900000|
|  42|0x0000000702a00000, 0x0000000702afff88, 0x0000000702b00000| 99%| O|  |TS  0|AC  0|TAMS 0x0000000702a00000, 0x0000000702a00000|
|  43|0x0000000702b00000, 0x0000000702bfd968, 0x0000000702c00000| 99%| O|  |TS  0|AC  0|TAMS 0x0000000702b00000, 0x0000000702b00000|
|  44|0x0000000702c00000, 0x0000000702cfec48, 0x0000000702d00000| 99%| O|  |TS  0|AC  0|TAMS 0x0000000702c00000, 0x0000000702c00000|
|  45|0x0000000702d00000, 0x0000000702e00000, 0x0000000702e00000|100%| O|  |TS  0|AC  0|TAMS 0x0000000702d00000, 0x0000000702d00000|
|  46|0x0000000702e00000, 0x0000000702effff8, 0x0000000702f00000| 99%| O|  |TS  0|AC  0|TAMS 0x0000000702e00000, 0x0000000702e00000|
|  47|0x0000000702f00000, 0x0000000702ffffb8, 0x0000000703000000| 99%| O|  |TS  0|AC  0|TAMS 0x0000000702f00000, 0x0000000702f00000|
|  48|0x0000000703000000, 0x00000007030ffff8, 0x0000000703100000| 99%| O|  |TS  0|AC  0|TAMS 0x0000000703000000, 0x0000000703000000|
|  49|0x0000000703100000, 0x00000007031fd870, 0x0000000703200000| 99%| O|  |TS  0|AC  0|TAMS 0x0000000703100000, 0x0000000703100000|
|  50|0x0000000703200000, 0x00000007032fff38, 0x0000000703300000| 99%| O|  |TS  0|AC  0|TAMS 0x0000000703200000, 0x0000000703200000|
|  51|0x0000000703300000, 0x00000007033fd398, 0x0000000703400000| 98%| O|  |TS  0|AC  0|TAMS 0x0000000703300000, 0x0000000703300000|
|  52|0x0000000703400000, 0x00000007034ffff8, 0x0000000703500000| 99%| O|  |TS  0|AC  0|TAMS 0x0000000703400000, 0x0000000703400000|
|  53|0x0000000703500000, 0x00000007035ffff0, 0x0000000703600000| 99%| O|  |TS  0|AC  0|TAMS 0x0000000703500000, 0x0000000703500000|
|  54|0x0000000703600000, 0x00000007036ffe10, 0x0000000703700000| 99%| O|  |TS  0|AC  0|TAMS 0x0000000703600000, 0x0000000703600000|
|  55|0x0000000703700000, 0x00000007037ff1c8, 0x0000000703800000| 99%| O|  |TS  0|AC  0|TAMS 0x0000000703700000, 0x0000000703700000|
|  56|0x0000000703800000, 0x00000007038ffff0, 0x0000000703900000| 99%| O|  |TS  0|AC  0|TAMS 0x0000000703800000, 0x0000000703800000|
|  57|0x0000000703900000, 0x00000007039ffd88, 0x0000000703a00000| 99%| O|  |TS  0|AC  0|TAMS 0x0000000703900000, 0x0000000703900000|
|  58|0x0000000703a00000, 0x0000000703afffe8, 0x0000000703b00000| 99%| O|  |TS  0|AC  0|TAMS 0x0000000703a00000, 0x0000000703a00000|
|  59|0x0000000703b00000, 0x0000000703bffff0, 0x0000000703c00000| 99%| O|  |TS  0|AC  0|TAMS 0x0000000703b00000, 0x0000000703b00000|
|  60|0x0000000703c00000, 0x0000000703cfffb8, 0x0000000703d00000| 99%| O|  |TS  0|AC  0|TAMS 0x0000000703c00000, 0x0000000703c00000|
|  61|0x0000000703d00000, 0x0000000703e00000, 0x0000000703e00000|100%| O|  |TS  0|AC  0|TAMS 0x0000000703d00000, 0x0000000703d00000|
|  62|0x0000000703e00000, 0x0000000703effff8, 0x0000000703f00000| 99%| O|  |TS  0|AC  0|TAMS 0x0000000703e00000, 0x0000000703e00000|
|  63|0x0000000703f00000, 0x0000000703fffed0, 0x0000000704000000| 99%| O|  |TS  0|AC  0|TAMS 0x0000000703f00000, 0x0000000703f00000|
|  64|0x0000000704000000, 0x00000007040fff60, 0x0000000704100000| 99%| O|  |TS  0|AC  0|TAMS 0x0000000704000000, 0x0000000704000000|
|  65|0x0000000704100000, 0x00000007041ffff8, 0x0000000704200000| 99%| O|  |TS  0|AC  0|TAMS 0x0000000704100000, 0x0000000704100000|
|  66|0x0000000704200000, 0x0000000704300000, 0x0000000704300000|100%| O|  |TS  0|AC  0|TAMS 0x0000000704200000, 0x0000000704200000|
|  67|0x0000000704300000, 0x00000007043ff4e0, 0x0000000704400000| 99%| O|  |TS  0|AC  0|TAMS 0x0000000704300000, 0x0000000704300000|
|  68|0x0000000704400000, 0x00000007044ffff8, 0x0000000704500000| 99%| O|  |TS  0|AC  0|TAMS 0x0000000704400000, 0x0000000704400000|
|  69|0x0000000704500000, 0x00000007045fffb0, 0x0000000704600000| 99%| O|  |TS  0|AC  0|TAMS 0x0000000704500000, 0x0000000704500000|
|  70|0x0000000704600000, 0x00000007046ffe30, 0x0000000704700000| 99%| O|  |TS  0|AC  0|TAMS 0x0000000704600000, 0x0000000704600000|
|  71|0x0000000704700000, 0x00000007047ffff8, 0x0000000704800000| 99%| O|  |TS  0|AC  0|TAMS 0x0000000704700000, 0x0000000704700000|
|  72|0x0000000704800000, 0x00000007048ffff0, 0x0000000704900000| 99%| O|  |TS  0|AC  0|TAMS 0x0000000704800000, 0x0000000704800000|
|  73|0x0000000704900000, 0x00000007049ffe40, 0x0000000704a00000| 99%| O|  |TS  0|AC  0|TAMS 0x0000000704900000, 0x0000000704900000|
|  74|0x0000000704a00000, 0x0000000704afffe8, 0x0000000704b00000| 99%| O|  |TS  0|AC  0|TAMS 0x0000000704a00000, 0x0000000704a00000|
|  75|0x0000000704b00000, 0x0000000704c00000, 0x0000000704c00000|100%| O|  |TS  0|AC  0|TAMS 0x0000000704b00000, 0x0000000704b00000|
|  76|0x0000000704c00000, 0x0000000704cfff20, 0x0000000704d00000| 99%| O|  |TS  0|AC  0|TAMS 0x0000000704c00000, 0x0000000704c00000|
|  77|0x0000000704d00000, 0x0000000704e00000, 0x0000000704e00000|100%| O|  |TS  0|AC  0|TAMS 0x0000000704d00000, 0x0000000704d00000|
|  78|0x0000000704e00000, 0x0000000704f00000, 0x0000000704f00000|100%| O|  |TS  0|AC  0|TAMS 0x0000000704e00000, 0x0000000704e00000|
|  79|0x0000000704f00000, 0x0000000704fffef8, 0x0000000705000000| 99%| O|  |TS  0|AC  0|TAMS 0x0000000704f00000, 0x0000000704f00000|
|  80|0x0000000705000000, 0x00000007050fe338, 0x0000000705100000| 99%| O|  |TS  0|AC  0|TAMS 0x0000000705000000, 0x0000000705000000|
|  81|0x0000000705100000, 0x00000007051ffff8, 0x0000000705200000| 99%| O|  |TS  0|AC  0|TAMS 0x0000000705100000, 0x0000000705100000|
|  82|0x0000000705200000, 0x00000007052fffd0, 0x0000000705300000| 99%| O|  |TS  0|AC  0|TAMS 0x0000000705200000, 0x0000000705200000|
|  83|0x0000000705300000, 0x00000007053ab940, 0x0000000705400000| 67%| O|  |TS  0|AC  0|TAMS 0x0000000705300000, 0x0000000705300000|
|  84|0x0000000705400000, 0x0000000705500000, 0x0000000705500000|100%| O|  |TS 33|AC  0|TAMS 0x0000000705400000, 0x0000000705400000|
|  85|0x0000000705500000, 0x0000000705600000, 0x0000000705600000|100%| O|  |TS 33|AC  0|TAMS 0x0000000705500000, 0x0000000705500000|
|  86|0x0000000705600000, 0x0000000705700000, 0x0000000705700000|100%|HS|  |TS  0|AC  0|TAMS 0x0000000705600000, 0x0000000705600000|
|  87|0x0000000705700000, 0x0000000705800000, 0x0000000705800000|100%|HC|  |TS  0|AC  0|TAMS 0x0000000705700000, 0x0000000705700000|
|  88|0x0000000705800000, 0x0000000705900000, 0x0000000705900000|100%| O|  |TS 33|AC  0|TAMS 0x0000000705800000, 0x0000000705800000|
|  89|0x0000000705900000, 0x0000000705a00000, 0x0000000705a00000|100%| O|  |TS 33|AC  0|TAMS 0x0000000705900000, 0x0000000705900000|
|  90|0x0000000705a00000, 0x0000000705b00000, 0x0000000705b00000|100%| O|  |TS 39|AC  0|TAMS 0x0000000705a00000, 0x0000000705a00000|
|  91|0x0000000705b00000, 0x0000000705c00000, 0x0000000705c00000|100%|HS|  |TS  0|AC  0|TAMS 0x0000000705b00000, 0x0000000705b00000|
|  92|0x0000000705c00000, 0x0000000705d00000, 0x0000000705d00000|100%|HC|  |TS  0|AC  0|TAMS 0x0000000705c00000, 0x0000000705c00000|
|  93|0x0000000705d00000, 0x0000000705e00000, 0x0000000705e00000|100%|HC|  |TS  0|AC  0|TAMS 0x0000000705d00000, 0x0000000705d00000|
|  94|0x0000000705e00000, 0x0000000705f00000, 0x0000000705f00000|100%|HC|  |TS  0|AC  0|TAMS 0x0000000705e00000, 0x0000000705e00000|
|  95|0x0000000705f00000, 0x0000000706000000, 0x0000000706000000|100%|HC|  |TS  0|AC  0|TAMS 0x0000000705f00000, 0x0000000705f00000|
|  96|0x0000000706000000, 0x0000000706100000, 0x0000000706100000|100%|HC|  |TS  0|AC  0|TAMS 0x0000000706000000, 0x0000000706000000|
|  97|0x0000000706100000, 0x0000000706200000, 0x0000000706200000|100%|HC|  |TS  0|AC  0|TAMS 0x0000000706100000, 0x0000000706100000|
|  98|0x0000000706200000, 0x0000000706300000, 0x0000000706300000|100%|HC|  |TS  0|AC  0|TAMS 0x0000000706200000, 0x0000000706200000|
|  99|0x0000000706300000, 0x0000000706400000, 0x0000000706400000|100%|HC|  |TS  0|AC  0|TAMS 0x0000000706300000, 0x0000000706300000|
| 100|0x0000000706400000, 0x0000000706500000, 0x0000000706500000|100%| O|  |TS 39|AC  0|TAMS 0x0000000706400000, 0x0000000706400000|
| 101|0x0000000706500000, 0x0000000706600000, 0x0000000706600000|100%| O|  |TS 39|AC  0|TAMS 0x0000000706500000, 0x0000000706500000|
| 102|0x0000000706600000, 0x0000000706700000, 0x0000000706700000|100%|HS|  |TS  0|AC  0|TAMS 0x0000000706600000, 0x0000000706600000|
| 103|0x0000000706700000, 0x0000000706800000, 0x0000000706800000|100%|HS|  |TS  0|AC  0|TAMS 0x0000000706700000, 0x0000000706700000|
| 104|0x0000000706800000, 0x0000000706900000, 0x0000000706900000|100%|HC|  |TS  0|AC  0|TAMS 0x0000000706800000, 0x0000000706800000|
| 105|0x0000000706900000, 0x0000000706a00000, 0x0000000706a00000|100%|HC|  |TS  0|AC  0|TAMS 0x0000000706900000, 0x0000000706900000|
| 106|0x0000000706a00000, 0x0000000706b00000, 0x0000000706b00000|100%| O|  |TS 67|AC  0|TAMS 0x0000000706a00000, 0x0000000706a00000|
| 107|0x0000000706b00000, 0x0000000706c00000, 0x0000000706c00000|100%| O|  |TS 67|AC  0|TAMS 0x0000000706b00000, 0x0000000706b00000|
| 108|0x0000000706c00000, 0x0000000706d00000, 0x0000000706d00000|100%|HS|  |TS  0|AC  0|TAMS 0x0000000706c00000, 0x0000000706c00000|
| 109|0x0000000706d00000, 0x0000000706e00000, 0x0000000706e00000|100%|HC|  |TS  0|AC  0|TAMS 0x0000000706d00000, 0x0000000706d00000|
| 110|0x0000000706e00000, 0x0000000706f00000, 0x0000000706f00000|100%|HC|  |TS  0|AC  0|TAMS 0x0000000706e00000, 0x0000000706e00000|
| 111|0x0000000706f00000, 0x0000000707000000, 0x0000000707000000|100%|HC|  |TS  0|AC  0|TAMS 0x0000000706f00000, 0x0000000706f00000|
| 112|0x0000000707000000, 0x0000000707100000, 0x0000000707100000|100%|HC|  |TS  0|AC  0|TAMS 0x0000000707000000, 0x0000000707000000|
| 113|0x0000000707100000, 0x0000000707200000, 0x0000000707200000|100%|HC|  |TS  0|AC  0|TAMS 0x0000000707100000, 0x0000000707100000|
| 114|0x0000000707200000, 0x0000000707300000, 0x0000000707300000|100%|HC|  |TS  0|AC  0|TAMS 0x0000000707200000, 0x0000000707200000|
| 115|0x0000000707300000, 0x0000000707400000, 0x0000000707400000|100%|HC|  |TS  0|AC  0|TAMS 0x0000000707300000, 0x0000000707300000|
| 116|0x0000000707400000, 0x0000000707500000, 0x0000000707500000|100%|HC|  |TS  0|AC  0|TAMS 0x0000000707400000, 0x0000000707400000|
| 117|0x0000000707500000, 0x0000000707600000, 0x0000000707600000|100%| O|  |TS 67|AC  0|TAMS 0x0000000707500000, 0x0000000707500000|
| 118|0x0000000707600000, 0x0000000707700000, 0x0000000707700000|100%| O|  |TS 71|AC  0|TAMS 0x0000000707600000, 0x0000000707600000|
| 119|0x0000000707700000, 0x0000000707800000, 0x0000000707800000|100%| O|  |TS 71|AC  0|TAMS 0x0000000707700000, 0x0000000707700000|
| 120|0x0000000707800000, 0x0000000707900000, 0x0000000707900000|100%|HS|  |TS  0|AC  0|TAMS 0x0000000707800000, 0x0000000707800000|
| 121|0x0000000707900000, 0x0000000707a00000, 0x0000000707a00000|100%|HC|  |TS  0|AC  0|TAMS 0x0000000707900000, 0x0000000707900000|
| 122|0x0000000707a00000, 0x0000000707b00000, 0x0000000707b00000|100%|HS|  |TS  0|AC  0|TAMS 0x0000000707a00000, 0x0000000707a00000|
| 123|0x0000000707b00000, 0x0000000707c00000, 0x0000000707c00000|100%|HC|  |TS  0|AC  0|TAMS 0x0000000707b00000, 0x0000000707b00000|
| 124|0x0000000707c00000, 0x0000000707d00000, 0x0000000707d00000|100%| O|  |TS 71|AC  0|TAMS 0x0000000707c00000, 0x0000000707c00000|
| 125|0x0000000707d00000, 0x0000000707e00000, 0x0000000707e00000|100%| O|  |TS 71|AC  0|TAMS 0x0000000707d00000, 0x0000000707d00000|
| 126|0x0000000707e00000, 0x0000000707f00000, 0x0000000707f00000|100%| O|  |TS 77|AC  0|TAMS 0x0000000707e00000, 0x0000000707e00000|
| 127|0x0000000707f00000, 0x0000000708000000, 0x0000000708000000|100%| O|  |TS 77|AC  0|TAMS 0x0000000707f00000, 0x0000000707f00000|
| 128|0x0000000708000000, 0x0000000708100000, 0x0000000708100000|100%| O|  |TS103|AC  0|TAMS 0x0000000708000000, 0x0000000708000000|
| 129|0x0000000708100000, 0x0000000708200000, 0x0000000708200000|100%| O|  |TS105|AC  0|TAMS 0x0000000708100000, 0x0000000708100000|
| 130|0x0000000708200000, 0x0000000708300000, 0x0000000708300000|100%| O|  |TS113|AC  0|TAMS 0x0000000708200000, 0x0000000708200000|
| 131|0x0000000708300000, 0x0000000708400000, 0x0000000708400000|100%| O|  |TS133|AC  0|TAMS 0x0000000708300000, 0x0000000708300000|
| 132|0x0000000708400000, 0x0000000708500000, 0x0000000708500000|100%| O|  |TS147|AC  0|TAMS 0x0000000708400000, 0x0000000708400000|
| 133|0x0000000708500000, 0x0000000708600000, 0x0000000708600000|100%| O|  |TS151|AC  0|TAMS 0x0000000708500000, 0x0000000708500000|
| 134|0x0000000708600000, 0x0000000708700000, 0x0000000708700000|100%| O|  |TS187|AC  0|TAMS 0x0000000708600000, 0x0000000708600000|
| 135|0x0000000708700000, 0x0000000708800000, 0x0000000708800000|100%| O|  |TS189|AC  0|TAMS 0x0000000708700000, 0x0000000708700000|
| 136|0x0000000708800000, 0x0000000708900000, 0x0000000708900000|100%| O|  |TS211|AC  0|TAMS 0x0000000708800000, 0x0000000708800000|
| 137|0x0000000708900000, 0x0000000708a00000, 0x0000000708a00000|100%| O|  |TS215|AC  0|TAMS 0x0000000708900000, 0x0000000708900000|
| 138|0x0000000708a00000, 0x0000000708b00000, 0x0000000708b00000|100%|HS|  |TS  0|AC  0|TAMS 0x0000000708a00000, 0x0000000708a00000|
| 139|0x0000000708b00000, 0x0000000708c00000, 0x0000000708c00000|100%|HC|  |TS  0|AC  0|TAMS 0x0000000708b00000, 0x0000000708b00000|
| 140|0x0000000708c00000, 0x0000000708d00000, 0x0000000708d00000|100%| O|  |TS215|AC  0|TAMS 0x0000000708c00000, 0x0000000708c00000|
| 141|0x0000000708d00000, 0x0000000708e00000, 0x0000000708e00000|100%| O|  |TS215|AC  0|TAMS 0x0000000708d00000, 0x0000000708d00000|
| 142|0x0000000708e00000, 0x0000000708f00000, 0x0000000708f00000|100%| O|  |TS215|AC  0|TAMS 0x0000000708e00000, 0x0000000708e00000|
| 143|0x0000000708f00000, 0x0000000709000000, 0x0000000709000000|100%| O|  |TS219|AC  0|TAMS 0x0000000708f00000, 0x0000000708f00000|
| 144|0x0000000709000000, 0x0000000709100000, 0x0000000709100000|100%| O|  |TS219|AC  0|TAMS 0x0000000709000000, 0x0000000709000000|
| 145|0x0000000709100000, 0x0000000709200000, 0x0000000709200000|100%| O|  |TS233|AC  0|TAMS 0x0000000709100000, 0x0000000709100000|
| 146|0x0000000709200000, 0x0000000709300000, 0x0000000709300000|100%| O|  |TS253|AC  0|TAMS 0x0000000709200000, 0x0000000709200000|
| 147|0x0000000709300000, 0x0000000709400000, 0x0000000709400000|100%| O|  |TS259|AC  0|TAMS 0x0000000709300000, 0x0000000709300000|
| 148|0x0000000709400000, 0x0000000709500000, 0x0000000709500000|100%| O|  |TS283|AC  0|TAMS 0x0000000709400000, 0x0000000709400000|
| 149|0x0000000709500000, 0x0000000709600000, 0x0000000709600000|100%| O|  |TS297|AC  0|TAMS 0x0000000709500000, 0x0000000709500000|
| 150|0x0000000709600000, 0x00000007096fee00, 0x0000000709700000| 99%| O|  |TS305|AC  0|TAMS 0x0000000709600000, 0x0000000709600000|
| 151|0x0000000709700000, 0x0000000709700000, 0x0000000709800000|  0%| F|  |TS  0|AC  0|TAMS 0x0000000709700000, 0x0000000709700000|
| 152|0x0000000709800000, 0x0000000709800000, 0x0000000709900000|  0%| F|  |TS  0|AC  0|TAMS 0x0000000709800000, 0x0000000709800000|
| 153|0x0000000709900000, 0x0000000709900000, 0x0000000709a00000|  0%| F|  |TS  0|AC  0|TAMS 0x0000000709900000, 0x0000000709900000|
| 154|0x0000000709a00000, 0x0000000709a00000, 0x0000000709b00000|  0%| F|  |TS  0|AC  0|TAMS 0x0000000709a00000, 0x0000000709a00000|
| 155|0x0000000709b00000, 0x0000000709b00000, 0x0000000709c00000|  0%| F|  |TS  0|AC  0|TAMS 0x0000000709b00000, 0x0000000709b00000|
| 156|0x0000000709c00000, 0x0000000709c00000, 0x0000000709d00000|  0%| F|  |TS  0|AC  0|TAMS 0x0000000709c00000, 0x0000000709c00000|
| 157|0x0000000709d00000, 0x0000000709d00000, 0x0000000709e00000|  0%| F|  |TS  0|AC  0|TAMS 0x0000000709d00000, 0x0000000709d00000|
| 158|0x0000000709e00000, 0x0000000709e00000, 0x0000000709f00000|  0%| F|  |TS  0|AC  0|TAMS 0x0000000709e00000, 0x0000000709e00000|
| 159|0x0000000709f00000, 0x0000000709f00000, 0x000000070a000000|  0%| F|  |TS  0|AC  0|TAMS 0x0000000709f00000, 0x0000000709f00000|
| 160|0x000000070a000000, 0x000000070a000000, 0x000000070a100000|  0%| F|  |TS  0|AC  0|TAMS 0x000000070a000000, 0x000000070a000000|
| 161|0x000000070a100000, 0x000000070a100000, 0x000000070a200000|  0%| F|  |TS  0|AC  0|TAMS 0x000000070a100000, 0x000000070a100000|
| 162|0x000000070a200000, 0x000000070a200000, 0x000000070a300000|  0%| F|  |TS  0|AC  0|TAMS 0x000000070a200000, 0x000000070a200000|
| 163|0x000000070a300000, 0x000000070a300000, 0x000000070a400000|  0%| F|  |TS  0|AC  0|TAMS 0x000000070a300000, 0x000000070a300000|
| 164|0x000000070a400000, 0x000000070a400000, 0x000000070a500000|  0%| F|  |TS  0|AC  0|TAMS 0x000000070a400000, 0x000000070a400000|
| 165|0x000000070a500000, 0x000000070a500000, 0x000000070a600000|  0%| F|  |TS  0|AC  0|TAMS 0x000000070a500000, 0x000000070a500000|
| 166|0x000000070a600000, 0x000000070a600000, 0x000000070a700000|  0%| F|  |TS  0|AC  0|TAMS 0x000000070a600000, 0x000000070a600000|
| 167|0x000000070a700000, 0x000000070a700000, 0x000000070a800000|  0%| F|  |TS  0|AC  0|TAMS 0x000000070a700000, 0x000000070a700000|
| 168|0x000000070a800000, 0x000000070a800000, 0x000000070a900000|  0%| F|  |TS  0|AC  0|TAMS 0x000000070a800000, 0x000000070a800000|
| 169|0x000000070a900000, 0x000000070a900000, 0x000000070aa00000|  0%| F|  |TS  0|AC  0|TAMS 0x000000070a900000, 0x000000070a900000|
| 170|0x000000070aa00000, 0x000000070aa00000, 0x000000070ab00000|  0%| F|  |TS  0|AC  0|TAMS 0x000000070aa00000, 0x000000070aa00000|
| 171|0x000000070ab00000, 0x000000070ab00000, 0x000000070ac00000|  0%| F|  |TS  0|AC  0|TAMS 0x000000070ab00000, 0x000000070ab00000|
| 172|0x000000070ac00000, 0x000000070ac00000, 0x000000070ad00000|  0%| F|  |TS  0|AC  0|TAMS 0x000000070ac00000, 0x000000070ac00000|
| 173|0x000000070ad00000, 0x000000070ad00000, 0x000000070ae00000|  0%| F|  |TS  0|AC  0|TAMS 0x000000070ad00000, 0x000000070ad00000|
| 174|0x000000070ae00000, 0x000000070ae00000, 0x000000070af00000|  0%| F|  |TS  0|AC  0|TAMS 0x000000070ae00000, 0x000000070ae00000|
| 175|0x000000070af00000, 0x000000070af00000, 0x000000070b000000|  0%| F|  |TS  0|AC  0|TAMS 0x000000070af00000, 0x000000070af00000|
| 176|0x000000070b000000, 0x000000070b000000, 0x000000070b100000|  0%| F|  |TS  0|AC  0|TAMS 0x000000070b000000, 0x000000070b000000|
| 177|0x000000070b100000, 0x000000070b100000, 0x000000070b200000|  0%| F|  |TS  0|AC  0|TAMS 0x000000070b100000, 0x000000070b100000|
| 178|0x000000070b200000, 0x000000070b200000, 0x000000070b300000|  0%| F|  |TS  0|AC  0|TAMS 0x000000070b200000, 0x000000070b200000|
| 179|0x000000070b300000, 0x000000070b300000, 0x000000070b400000|  0%| F|  |TS  0|AC  0|TAMS 0x000000070b300000, 0x000000070b300000|
| 180|0x000000070b400000, 0x000000070b400000, 0x000000070b500000|  0%| F|  |TS  0|AC  0|TAMS 0x000000070b400000, 0x000000070b400000|
| 181|0x000000070b500000, 0x000000070b500000, 0x000000070b600000|  0%| F|  |TS  0|AC  0|TAMS 0x000000070b500000, 0x000000070b500000|
| 182|0x000000070b600000, 0x000000070b600000, 0x000000070b700000|  0%| F|  |TS  0|AC  0|TAMS 0x000000070b600000, 0x000000070b600000|
| 183|0x000000070b700000, 0x000000070b700000, 0x000000070b800000|  0%| F|  |TS  0|AC  0|TAMS 0x000000070b700000, 0x000000070b700000|
| 184|0x000000070b800000, 0x000000070b800000, 0x000000070b900000|  0%| F|  |TS  0|AC  0|TAMS 0x000000070b800000, 0x000000070b800000|
| 185|0x000000070b900000, 0x000000070b900000, 0x000000070ba00000|  0%| F|  |TS  0|AC  0|TAMS 0x000000070b900000, 0x000000070b900000|
| 186|0x000000070ba00000, 0x000000070ba00000, 0x000000070bb00000|  0%| F|  |TS  0|AC  0|TAMS 0x000000070ba00000, 0x000000070ba00000|
| 187|0x000000070bb00000, 0x000000070bb00000, 0x000000070bc00000|  0%| F|  |TS  0|AC  0|TAMS 0x000000070bb00000, 0x000000070bb00000|
| 188|0x000000070bc00000, 0x000000070bc00000, 0x000000070bd00000|  0%| F|  |TS  0|AC  0|TAMS 0x000000070bc00000, 0x000000070bc00000|
| 189|0x000000070bd00000, 0x000000070bd00000, 0x000000070be00000|  0%| F|  |TS  0|AC  0|TAMS 0x000000070bd00000, 0x000000070bd00000|
| 190|0x000000070be00000, 0x000000070be00000, 0x000000070bf00000|  0%| F|  |TS  0|AC  0|TAMS 0x000000070be00000, 0x000000070be00000|
| 191|0x000000070bf00000, 0x000000070bf00000, 0x000000070c000000|  0%| F|  |TS  0|AC  0|TAMS 0x000000070bf00000, 0x000000070bf00000|
| 192|0x000000070c000000, 0x000000070c000000, 0x000000070c100000|  0%| F|  |TS  0|AC  0|TAMS 0x000000070c000000, 0x000000070c000000|
| 193|0x000000070c100000, 0x000000070c100000, 0x000000070c200000|  0%| F|  |TS  0|AC  0|TAMS 0x000000070c100000, 0x000000070c100000|
| 194|0x000000070c200000, 0x000000070c200000, 0x000000070c300000|  0%| F|  |TS  0|AC  0|TAMS 0x000000070c200000, 0x000000070c200000|
| 195|0x000000070c300000, 0x000000070c300000, 0x000000070c400000|  0%| F|  |TS  0|AC  0|TAMS 0x000000070c300000, 0x000000070c300000|
| 196|0x000000070c400000, 0x000000070c400000, 0x000000070c500000|  0%| F|  |TS  0|AC  0|TAMS 0x000000070c400000, 0x000000070c400000|
| 197|0x000000070c500000, 0x000000070c500000, 0x000000070c600000|  0%| F|  |TS  0|AC  0|TAMS 0x000000070c500000, 0x000000070c500000|
| 198|0x000000070c600000, 0x000000070c600000, 0x000000070c700000|  0%| F|  |TS  0|AC  0|TAMS 0x000000070c600000, 0x000000070c600000|
| 199|0x000000070c700000, 0x000000070c700000, 0x000000070c800000|  0%| F|  |TS  0|AC  0|TAMS 0x000000070c700000, 0x000000070c700000|
| 200|0x000000070c800000, 0x000000070c800000, 0x000000070c900000|  0%| F|  |TS  0|AC  0|TAMS 0x000000070c800000, 0x000000070c800000|
| 201|0x000000070c900000, 0x000000070c900000, 0x000000070ca00000|  0%| F|  |TS  0|AC  0|TAMS 0x000000070c900000, 0x000000070c900000|
| 202|0x000000070ca00000, 0x000000070ca00000, 0x000000070cb00000|  0%| F|  |TS  0|AC  0|TAMS 0x000000070ca00000, 0x000000070ca00000|
| 203|0x000000070cb00000, 0x000000070cb00000, 0x000000070cc00000|  0%| F|  |TS  0|AC  0|TAMS 0x000000070cb00000, 0x000000070cb00000|
| 204|0x000000070cc00000, 0x000000070cc00000, 0x000000070cd00000|  0%| F|  |TS  0|AC  0|TAMS 0x000000070cc00000, 0x000000070cc00000|
| 205|0x000000070cd00000, 0x000000070cd00000, 0x000000070ce00000|  0%| F|  |TS  0|AC  0|TAMS 0x000000070cd00000, 0x000000070cd00000|
| 206|0x000000070ce00000, 0x000000070ce00000, 0x000000070cf00000|  0%| F|  |TS  0|AC  0|TAMS 0x000000070ce00000, 0x000000070ce00000|
| 207|0x000000070cf00000, 0x000000070cf00000, 0x000000070d000000|  0%| F|  |TS  0|AC  0|TAMS 0x000000070cf00000, 0x000000070cf00000|
| 208|0x000000070d000000, 0x000000070d000000, 0x000000070d100000|  0%| F|  |TS  0|AC  0|TAMS 0x000000070d000000, 0x000000070d000000|
| 209|0x000000070d100000, 0x000000070d100000, 0x000000070d200000|  0%| F|  |TS  0|AC  0|TAMS 0x000000070d100000, 0x000000070d100000|
| 210|0x000000070d200000, 0x000000070d200000, 0x000000070d300000|  0%| F|  |TS  0|AC  0|TAMS 0x000000070d200000, 0x000000070d200000|
| 211|0x000000070d300000, 0x000000070d300000, 0x000000070d400000|  0%| F|  |TS  0|AC  0|TAMS 0x000000070d300000, 0x000000070d300000|
| 212|0x000000070d400000, 0x000000070d400000, 0x000000070d500000|  0%| F|  |TS  0|AC  0|TAMS 0x000000070d400000, 0x000000070d400000|
| 213|0x000000070d500000, 0x000000070d500000, 0x000000070d600000|  0%| F|  |TS  0|AC  0|TAMS 0x000000070d500000, 0x000000070d500000|
| 214|0x000000070d600000, 0x000000070d600000, 0x000000070d700000|  0%| F|  |TS  0|AC  0|TAMS 0x000000070d600000, 0x000000070d600000|
| 215|0x000000070d700000, 0x000000070d700000, 0x000000070d800000|  0%| F|  |TS  0|AC  0|TAMS 0x000000070d700000, 0x000000070d700000|
| 216|0x000000070d800000, 0x000000070d800000, 0x000000070d900000|  0%| F|  |TS  0|AC  0|TAMS 0x000000070d800000, 0x000000070d800000|
| 217|0x000000070d900000, 0x000000070d900000, 0x000000070da00000|  0%| F|  |TS  0|AC  0|TAMS 0x000000070d900000, 0x000000070d900000|
| 218|0x000000070da00000, 0x000000070da00000, 0x000000070db00000|  0%| F|  |TS  0|AC  0|TAMS 0x000000070da00000, 0x000000070da00000|
| 219|0x000000070db00000, 0x000000070db00000, 0x000000070dc00000|  0%| F|  |TS  0|AC  0|TAMS 0x000000070db00000, 0x000000070db00000|
| 220|0x000000070dc00000, 0x000000070dc00000, 0x000000070dd00000|  0%| F|  |TS  0|AC  0|TAMS 0x000000070dc00000, 0x000000070dc00000|
| 221|0x000000070dd00000, 0x000000070dd00000, 0x000000070de00000|  0%| F|  |TS  0|AC  0|TAMS 0x000000070dd00000, 0x000000070dd00000|
| 222|0x000000070de00000, 0x000000070de00000, 0x000000070df00000|  0%| F|  |TS  0|AC  0|TAMS 0x000000070de00000, 0x000000070de00000|
| 223|0x000000070df00000, 0x000000070df00000, 0x000000070e000000|  0%| F|  |TS  0|AC  0|TAMS 0x000000070df00000, 0x000000070df00000|
| 224|0x000000070e000000, 0x000000070e000000, 0x000000070e100000|  0%| F|  |TS  0|AC  0|TAMS 0x000000070e000000, 0x000000070e000000|
| 225|0x000000070e100000, 0x000000070e100000, 0x000000070e200000|  0%| F|  |TS  0|AC  0|TAMS 0x000000070e100000, 0x000000070e100000|
| 226|0x000000070e200000, 0x000000070e200000, 0x000000070e300000|  0%| F|  |TS  0|AC  0|TAMS 0x000000070e200000, 0x000000070e200000|
| 227|0x000000070e300000, 0x000000070e300000, 0x000000070e400000|  0%| F|  |TS  0|AC  0|TAMS 0x000000070e300000, 0x000000070e300000|
| 228|0x000000070e400000, 0x000000070e400000, 0x000000070e500000|  0%| F|  |TS  0|AC  0|TAMS 0x000000070e400000, 0x000000070e400000|
| 229|0x000000070e500000, 0x000000070e500000, 0x000000070e600000|  0%| F|  |TS  0|AC  0|TAMS 0x000000070e500000, 0x000000070e500000|
| 230|0x000000070e600000, 0x000000070e600000, 0x000000070e700000|  0%| F|  |TS  0|AC  0|TAMS 0x000000070e600000, 0x000000070e600000|
| 231|0x000000070e700000, 0x000000070e700000, 0x000000070e800000|  0%| F|  |TS  0|AC  0|TAMS 0x000000070e700000, 0x000000070e700000|
| 232|0x000000070e800000, 0x000000070e800000, 0x000000070e900000|  0%| F|  |TS  0|AC  0|TAMS 0x000000070e800000, 0x000000070e800000|
| 233|0x000000070e900000, 0x000000070e900000, 0x000000070ea00000|  0%| F|  |TS  0|AC  0|TAMS 0x000000070e900000, 0x000000070e900000|
| 234|0x000000070ea00000, 0x000000070ea00000, 0x000000070eb00000|  0%| F|  |TS  0|AC  0|TAMS 0x000000070ea00000, 0x000000070ea00000|
| 235|0x000000070eb00000, 0x000000070eb00000, 0x000000070ec00000|  0%| F|  |TS  0|AC  0|TAMS 0x000000070eb00000, 0x000000070eb00000|
| 236|0x000000070ec00000, 0x000000070ec00000, 0x000000070ed00000|  0%| F|  |TS  0|AC  0|TAMS 0x000000070ec00000, 0x000000070ec00000|
| 237|0x000000070ed00000, 0x000000070ed00000, 0x000000070ee00000|  0%| F|  |TS  0|AC  0|TAMS 0x000000070ed00000, 0x000000070ed00000|
| 238|0x000000070ee00000, 0x000000070ee00000, 0x000000070ef00000|  0%| F|  |TS  0|AC  0|TAMS 0x000000070ee00000, 0x000000070ee00000|
| 239|0x000000070ef00000, 0x000000070ef00000, 0x000000070f000000|  0%| F|  |TS  0|AC  0|TAMS 0x000000070ef00000, 0x000000070ef00000|
| 240|0x000000070f000000, 0x000000070f000000, 0x000000070f100000|  0%| F|  |TS  0|AC  0|TAMS 0x000000070f000000, 0x000000070f000000|
| 241|0x000000070f100000, 0x000000070f100000, 0x000000070f200000|  0%| F|  |TS  0|AC  0|TAMS 0x000000070f100000, 0x000000070f100000|
| 242|0x000000070f200000, 0x000000070f200000, 0x000000070f300000|  0%| F|  |TS  0|AC  0|TAMS 0x000000070f200000, 0x000000070f200000|
| 243|0x000000070f300000, 0x000000070f300000, 0x000000070f400000|  0%| F|  |TS  0|AC  0|TAMS 0x000000070f300000, 0x000000070f300000|
| 244|0x000000070f400000, 0x000000070f400000, 0x000000070f500000|  0%| F|  |TS  0|AC  0|TAMS 0x000000070f400000, 0x000000070f400000|
| 245|0x000000070f500000, 0x000000070f500000, 0x000000070f600000|  0%| F|  |TS  0|AC  0|TAMS 0x000000070f500000, 0x000000070f500000|
| 246|0x000000070f600000, 0x000000070f600000, 0x000000070f700000|  0%| F|  |TS  0|AC  0|TAMS 0x000000070f600000, 0x000000070f600000|
| 247|0x000000070f700000, 0x000000070f700000, 0x000000070f800000|  0%| F|  |TS  0|AC  0|TAMS 0x000000070f700000, 0x000000070f700000|
| 248|0x000000070f800000, 0x000000070f800000, 0x000000070f900000|  0%| F|  |TS  0|AC  0|TAMS 0x000000070f800000, 0x000000070f800000|
| 249|0x000000070f900000, 0x000000070f900000, 0x000000070fa00000|  0%| F|  |TS  0|AC  0|TAMS 0x000000070f900000, 0x000000070f900000|
| 250|0x000000070fa00000, 0x000000070fa00000, 0x000000070fb00000|  0%| F|  |TS  0|AC  0|TAMS 0x000000070fa00000, 0x000000070fa00000|
| 251|0x000000070fb00000, 0x000000070fb00000, 0x000000070fc00000|  0%| F|  |TS  0|AC  0|TAMS 0x000000070fb00000, 0x000000070fb00000|
| 252|0x000000070fc00000, 0x000000070fc00000, 0x000000070fd00000|  0%| F|  |TS  0|AC  0|TAMS 0x000000070fc00000, 0x000000070fc00000|
| 253|0x000000070fd00000, 0x000000070fd00000, 0x000000070fe00000|  0%| F|  |TS  0|AC  0|TAMS 0x000000070fd00000, 0x000000070fd00000|
| 254|0x000000070fe00000, 0x000000070fe00000, 0x000000070ff00000|  0%| F|  |TS  0|AC  0|TAMS 0x000000070fe00000, 0x000000070fe00000|
| 255|0x000000070ff00000, 0x000000070ff00000, 0x0000000710000000|  0%| F|  |TS  0|AC  0|TAMS 0x000000070ff00000, 0x000000070ff00000|
| 256|0x0000000710000000, 0x0000000710000000, 0x0000000710100000|  0%| F|  |TS  0|AC  0|TAMS 0x0000000710000000, 0x0000000710000000|
| 257|0x0000000710100000, 0x0000000710100000, 0x0000000710200000|  0%| F|  |TS  0|AC  0|TAMS 0x0000000710100000, 0x0000000710100000|
| 258|0x0000000710200000, 0x0000000710200000, 0x0000000710300000|  0%| F|  |TS  0|AC  0|TAMS 0x0000000710200000, 0x0000000710200000|
| 259|0x0000000710300000, 0x0000000710300000, 0x0000000710400000|  0%| F|  |TS  0|AC  0|TAMS 0x0000000710300000, 0x0000000710300000|
| 260|0x0000000710400000, 0x0000000710400000, 0x0000000710500000|  0%| F|  |TS  0|AC  0|TAMS 0x0000000710400000, 0x0000000710400000|
| 261|0x0000000710500000, 0x0000000710500000, 0x0000000710600000|  0%| F|  |TS  0|AC  0|TAMS 0x0000000710500000, 0x0000000710500000|
| 262|0x0000000710600000, 0x0000000710600000, 0x0000000710700000|  0%| F|  |TS  0|AC  0|TAMS 0x0000000710600000, 0x0000000710600000|
| 263|0x0000000710700000, 0x0000000710700000, 0x0000000710800000|  0%| F|  |TS  0|AC  0|TAMS 0x0000000710700000, 0x0000000710700000|
| 264|0x0000000710800000, 0x0000000710800000, 0x0000000710900000|  0%| F|  |TS  0|AC  0|TAMS 0x0000000710800000, 0x0000000710800000|
| 265|0x0000000710900000, 0x0000000710900000, 0x0000000710a00000|  0%| F|  |TS  0|AC  0|TAMS 0x0000000710900000, 0x0000000710900000|
| 266|0x0000000710a00000, 0x0000000710a00000, 0x0000000710b00000|  0%| F|  |TS  0|AC  0|TAMS 0x0000000710a00000, 0x0000000710a00000|
| 267|0x0000000710b00000, 0x0000000710b00000, 0x0000000710c00000|  0%| F|  |TS  0|AC  0|TAMS 0x0000000710b00000, 0x0000000710b00000|
| 268|0x0000000710c00000, 0x0000000710c00000, 0x0000000710d00000|  0%| F|  |TS  0|AC  0|TAMS 0x0000000710c00000, 0x0000000710c00000|
| 269|0x0000000710d00000, 0x0000000710d00000, 0x0000000710e00000|  0%| F|  |TS 67|AC  0|TAMS 0x0000000710d00000, 0x0000000710d00000|
| 270|0x0000000710e00000, 0x0000000710e00000, 0x0000000710f00000|  0%| F|  |TS215|AC  0|TAMS 0x0000000710e00000, 0x0000000710e00000|
| 271|0x0000000710f00000, 0x0000000710f00000, 0x0000000711000000|  0%| F|  |TS297|AC  0|TAMS 0x0000000710f00000, 0x0000000710f00000|
| 272|0x0000000711000000, 0x0000000711000000, 0x0000000711100000|  0%| F|  |TS305|AC  0|TAMS 0x0000000711000000, 0x0000000711000000|
| 273|0x0000000711100000, 0x0000000711100000, 0x0000000711200000|  0%| F|  |TS305|AC  0|TAMS 0x0000000711100000, 0x0000000711100000|
| 274|0x0000000711200000, 0x0000000711200000, 0x0000000711300000|  0%| F|  |TS305|AC  0|TAMS 0x0000000711200000, 0x0000000711200000|
| 275|0x0000000711300000, 0x0000000711300000, 0x0000000711400000|  0%| F|  |TS303|AC  0|TAMS 0x0000000711300000, 0x0000000711300000|
| 276|0x0000000711400000, 0x00000007114dd4a0, 0x0000000711500000| 86%| S|CS|TS305|AC  0|TAMS 0x0000000711400000, 0x0000000711400000|
| 277|0x0000000711500000, 0x0000000711500000, 0x0000000711600000|  0%| F|  |TS305|AC  0|TAMS 0x0000000711500000, 0x0000000711500000|
| 278|0x0000000711600000, 0x0000000711600000, 0x0000000711700000|  0%| F|  |TS305|AC  0|TAMS 0x0000000711600000, 0x0000000711600000|
| 279|0x0000000711700000, 0x0000000711800000, 0x0000000711800000|100%| S|CS|TS305|AC  0|TAMS 0x0000000711700000, 0x0000000711700000|
| 280|0x0000000711800000, 0x0000000711900000, 0x0000000711900000|100%| S|CS|TS305|AC  0|TAMS 0x0000000711800000, 0x0000000711800000|
| 281|0x0000000711900000, 0x0000000711a00000, 0x0000000711a00000|100%| S|CS|TS305|AC  0|TAMS 0x0000000711900000, 0x0000000711900000|
| 282|0x0000000711a00000, 0x0000000711a00000, 0x0000000711b00000|  0%| F|  |TS305|AC  0|TAMS 0x0000000711a00000, 0x0000000711a00000|
| 283|0x0000000711b00000, 0x0000000711b00000, 0x0000000711c00000|  0%| F|  |TS305|AC  0|TAMS 0x0000000711b00000, 0x0000000711b00000|
| 284|0x0000000711c00000, 0x0000000711c00000, 0x0000000711d00000|  0%| F|  |TS305|AC  0|TAMS 0x0000000711c00000, 0x0000000711c00000|
| 285|0x0000000711d00000, 0x0000000711d00000, 0x0000000711e00000|  0%| F|  |TS305|AC  0|TAMS 0x0000000711d00000, 0x0000000711d00000|
| 286|0x0000000711e00000, 0x0000000711e00000, 0x0000000711f00000|  0%| F|  |TS305|AC  0|TAMS 0x0000000711e00000, 0x0000000711e00000|
| 287|0x0000000711f00000, 0x0000000711f00000, 0x0000000712000000|  0%| F|  |TS305|AC  0|TAMS 0x0000000711f00000, 0x0000000711f00000|
| 288|0x0000000712000000, 0x0000000712000000, 0x0000000712100000|  0%| F|  |TS305|AC  0|TAMS 0x0000000712000000, 0x0000000712000000|
| 289|0x0000000712100000, 0x0000000712100000, 0x0000000712200000|  0%| F|  |TS305|AC  0|TAMS 0x0000000712100000, 0x0000000712100000|
| 290|0x0000000712200000, 0x0000000712200000, 0x0000000712300000|  0%| F|  |TS305|AC  0|TAMS 0x0000000712200000, 0x0000000712200000|
| 291|0x0000000712300000, 0x0000000712300000, 0x0000000712400000|  0%| F|  |TS305|AC  0|TAMS 0x0000000712300000, 0x0000000712300000|
| 292|0x0000000712400000, 0x0000000712400000, 0x0000000712500000|  0%| F|  |TS305|AC  0|TAMS 0x0000000712400000, 0x0000000712400000|
| 293|0x0000000712500000, 0x0000000712500000, 0x0000000712600000|  0%| F|  |TS305|AC  0|TAMS 0x0000000712500000, 0x0000000712500000|
| 294|0x0000000712600000, 0x0000000712600000, 0x0000000712700000|  0%| F|  |TS305|AC  0|TAMS 0x0000000712600000, 0x0000000712600000|
| 295|0x0000000712700000, 0x0000000712700000, 0x0000000712800000|  0%| F|  |TS305|AC  0|TAMS 0x0000000712700000, 0x0000000712700000|
| 296|0x0000000712800000, 0x0000000712800000, 0x0000000712900000|  0%| F|  |TS305|AC  0|TAMS 0x0000000712800000, 0x0000000712800000|
| 297|0x0000000712900000, 0x0000000712900000, 0x0000000712a00000|  0%| F|  |TS305|AC  0|TAMS 0x0000000712900000, 0x0000000712900000|
| 298|0x0000000712a00000, 0x0000000712a00000, 0x0000000712b00000|  0%| F|  |TS305|AC  0|TAMS 0x0000000712a00000, 0x0000000712a00000|
| 299|0x0000000712b00000, 0x0000000712b00000, 0x0000000712c00000|  0%| F|  |TS305|AC  0|TAMS 0x0000000712b00000, 0x0000000712b00000|
| 300|0x0000000712c00000, 0x0000000712c00000, 0x0000000712d00000|  0%| F|  |TS305|AC  0|TAMS 0x0000000712c00000, 0x0000000712c00000|
| 301|0x0000000712d00000, 0x0000000712d00000, 0x0000000712e00000|  0%| F|  |TS305|AC  0|TAMS 0x0000000712d00000, 0x0000000712d00000|
| 302|0x0000000712e00000, 0x0000000712e00000, 0x0000000712f00000|  0%| F|  |TS305|AC  0|TAMS 0x0000000712e00000, 0x0000000712e00000|
| 303|0x0000000712f00000, 0x0000000712f8eef0, 0x0000000713000000| 55%| E|  |TS305|AC  0|TAMS 0x0000000712f00000, 0x0000000712f00000|
| 304|0x0000000713000000, 0x0000000713100000, 0x0000000713100000|100%| E|CS|TS305|AC  0|TAMS 0x0000000713000000, 0x0000000713000000|
| 305|0x0000000713100000, 0x0000000713200000, 0x0000000713200000|100%| E|CS|TS305|AC  0|TAMS 0x0000000713100000, 0x0000000713100000|
| 306|0x0000000713200000, 0x0000000713300000, 0x0000000713300000|100%| E|CS|TS305|AC  0|TAMS 0x0000000713200000, 0x0000000713200000|
| 307|0x0000000713300000, 0x0000000713400000, 0x0000000713400000|100%| E|CS|TS305|AC  0|TAMS 0x0000000713300000, 0x0000000713300000|
| 308|0x0000000713400000, 0x0000000713500000, 0x0000000713500000|100%| E|CS|TS305|AC  0|TAMS 0x0000000713400000, 0x0000000713400000|
| 309|0x0000000713500000, 0x0000000713600000, 0x0000000713600000|100%| E|CS|TS305|AC  0|TAMS 0x0000000713500000, 0x0000000713500000|
| 310|0x0000000713600000, 0x0000000713700000, 0x0000000713700000|100%| E|CS|TS305|AC  0|TAMS 0x0000000713600000, 0x0000000713600000|
| 311|0x0000000713700000, 0x0000000713800000, 0x0000000713800000|100%| E|CS|TS305|AC  0|TAMS 0x0000000713700000, 0x0000000713700000|
| 312|0x0000000713800000, 0x0000000713900000, 0x0000000713900000|100%| E|CS|TS305|AC  0|TAMS 0x0000000713800000, 0x0000000713800000|
| 313|0x0000000713900000, 0x0000000713a00000, 0x0000000713a00000|100%| E|CS|TS305|AC  0|TAMS 0x0000000713900000, 0x0000000713900000|
| 314|0x0000000713a00000, 0x0000000713b00000, 0x0000000713b00000|100%| E|CS|TS305|AC  0|TAMS 0x0000000713a00000, 0x0000000713a00000|
| 315|0x0000000713b00000, 0x0000000713c00000, 0x0000000713c00000|100%| E|CS|TS305|AC  0|TAMS 0x0000000713b00000, 0x0000000713b00000|
| 316|0x0000000713c00000, 0x0000000713d00000, 0x0000000713d00000|100%| E|CS|TS305|AC  0|TAMS 0x0000000713c00000, 0x0000000713c00000|
| 317|0x0000000713d00000, 0x0000000713e00000, 0x0000000713e00000|100%| E|CS|TS305|AC  0|TAMS 0x0000000713d00000, 0x0000000713d00000|
| 318|0x0000000713e00000, 0x0000000713f00000, 0x0000000713f00000|100%| E|CS|TS305|AC  0|TAMS 0x0000000713e00000, 0x0000000713e00000|
| 319|0x0000000713f00000, 0x0000000714000000, 0x0000000714000000|100%| E|CS|TS305|AC  0|TAMS 0x0000000713f00000, 0x0000000713f00000|
| 320|0x0000000714000000, 0x0000000714100000, 0x0000000714100000|100%| E|CS|TS305|AC  0|TAMS 0x0000000714000000, 0x0000000714000000|
| 321|0x0000000714100000, 0x0000000714200000, 0x0000000714200000|100%| E|CS|TS305|AC  0|TAMS 0x0000000714100000, 0x0000000714100000|
| 322|0x0000000714200000, 0x0000000714300000, 0x0000000714300000|100%| E|CS|TS305|AC  0|TAMS 0x0000000714200000, 0x0000000714200000|
| 323|0x0000000714300000, 0x0000000714400000, 0x0000000714400000|100%| E|CS|TS305|AC  0|TAMS 0x0000000714300000, 0x0000000714300000|
| 324|0x0000000714400000, 0x0000000714500000, 0x0000000714500000|100%| E|CS|TS305|AC  0|TAMS 0x0000000714400000, 0x0000000714400000|
| 325|0x0000000714500000, 0x0000000714600000, 0x0000000714600000|100%| E|CS|TS305|AC  0|TAMS 0x0000000714500000, 0x0000000714500000|
| 326|0x0000000714600000, 0x0000000714700000, 0x0000000714700000|100%| E|CS|TS305|AC  0|TAMS 0x0000000714600000, 0x0000000714600000|
| 327|0x0000000714700000, 0x0000000714800000, 0x0000000714800000|100%| E|CS|TS305|AC  0|TAMS 0x0000000714700000, 0x0000000714700000|
| 328|0x0000000714800000, 0x0000000714900000, 0x0000000714900000|100%| E|CS|TS305|AC  0|TAMS 0x0000000714800000, 0x0000000714800000|
| 329|0x0000000714900000, 0x0000000714a00000, 0x0000000714a00000|100%| E|CS|TS305|AC  0|TAMS 0x0000000714900000, 0x0000000714900000|
| 330|0x0000000714a00000, 0x0000000714b00000, 0x0000000714b00000|100%| E|CS|TS305|AC  0|TAMS 0x0000000714a00000, 0x0000000714a00000|
| 331|0x0000000714b00000, 0x0000000714c00000, 0x0000000714c00000|100%| E|CS|TS305|AC  0|TAMS 0x0000000714b00000, 0x0000000714b00000|
| 332|0x0000000714c00000, 0x0000000714d00000, 0x0000000714d00000|100%| E|CS|TS305|AC  0|TAMS 0x0000000714c00000, 0x0000000714c00000|
| 333|0x0000000714d00000, 0x0000000714e00000, 0x0000000714e00000|100%| E|CS|TS305|AC  0|TAMS 0x0000000714d00000, 0x0000000714d00000|
| 334|0x0000000714e00000, 0x0000000714f00000, 0x0000000714f00000|100%| E|CS|TS305|AC  0|TAMS 0x0000000714e00000, 0x0000000714e00000|
| 335|0x0000000714f00000, 0x0000000715000000, 0x0000000715000000|100%| E|CS|TS305|AC  0|TAMS 0x0000000714f00000, 0x0000000714f00000|
| 336|0x0000000715000000, 0x0000000715100000, 0x0000000715100000|100%| E|CS|TS305|AC  0|TAMS 0x0000000715000000, 0x0000000715000000|

Card table byte_map: [0x00000183b4d50000,0x00000183b5350000] byte_map_base: 0x00000183b1550000

Marking Bits (Prev, Next): (CMBitMap*) 0x00000183b05c4a88, (CMBitMap*) 0x00000183b05c4a50
 Prev Bits: [0x00000183d0710000, 0x00000183d3710000)
 Next Bits: [0x00000183cd710000, 0x00000183d0710000)

Polling page: 0x00000183a9520000

CodeHeap 'non-profiled nmethods': size=119168Kb used=32652Kb max_used=32652Kb free=86515Kb
 bounds [0x00000183c62b0000, 0x00000183c82a0000, 0x00000183cd710000]
CodeHeap 'profiled nmethods': size=119168Kb used=56984Kb max_used=56984Kb free=62183Kb
 bounds [0x00000183bee50000, 0x00000183c2670000, 0x00000183c62b0000]
CodeHeap 'non-nmethods': size=7424Kb used=3596Kb max_used=3675Kb free=3828Kb
 bounds [0x00000183be710000, 0x00000183beab0000, 0x00000183bee50000]
 total_blobs=47758 nmethods=23576 adapters=1296
 compilation: enabled

Compilation events (10 events):
Event: 20941.145 Thread 0x00000183b17b1800 31999       3       com.jidesoft.grid.EditableTableHeader::removeNotify (22 bytes)
Event: 20941.145 Thread 0x00000183b17b1800 nmethod 31999 0x00000183c2660890 code [0x00000183c2660a80, 0x00000183c2660de0]
Event: 20942.131 Thread 0x00000183b17ab000 32000       1       ui.views.aP::cRE (5 bytes)
Event: 20942.132 Thread 0x00000183b17ab000 nmethod 32000 0x00000183c829e110 code [0x00000183c829e2c0, 0x00000183c829e3d8]
Event: 20942.200 Thread 0x00000183b17aa800 32001       3       com.jidesoft.grid.JideTable::b (91 bytes)
Event: 20942.200 Thread 0x00000183b17aa800 nmethod 32001 0x00000183c2660f10 code [0x00000183c2661100, 0x00000183c2661a60]
Event: 20944.353 Thread 0x00000183b0840800 32002       4       java.awt.event.MouseEvent::setOldModifiers (273 bytes)
Event: 20944.355 Thread 0x00000183b0840800 nmethod 32002 0x00000183c829e490 code [0x00000183c829e620, 0x00000183c829e7f8]
Event: 20947.346 Thread 0x00000183b17ab000 32003       3       java.lang.StackTraceElement::toString (322 bytes)
Event: 20947.352 Thread 0x00000183b17ab000 nmethod 32003 0x00000183c2661b90 code [0x00000183c26622e0, 0x00000183c26673c0]

GC Heap History (10 events):
Event: 20920.157 GC heap before
{Heap before GC invocations=813 (full 15):
 garbage-first heap   total 345088K, used 212751K [0x0000000700000000, 0x0000000700100a88, 0x00000007c0000000)
  region size 1024K, 60 young (61440K), 6 survivors (6144K)
 Metaspace       used 100086K, capacity 103171K, committed 107520K, reserved 1140736K
  class space    used 14078K, capacity 14688K, committed 15616K, reserved 1048576K
}
Event: 20920.160 GC heap after
{Heap after GC invocations=814 (full 15):
 garbage-first heap   total 345088K, used 157624K [0x0000000700000000, 0x0000000700100a88, 0x00000007c0000000)
  region size 1024K, 5 young (5120K), 5 survivors (5120K)
 Metaspace       used 100086K, capacity 103171K, committed 107520K, reserved 1140736K
  class space    used 14078K, capacity 14688K, committed 15616K, reserved 1048576K
}
Event: 20921.584 GC heap before
{Heap before GC invocations=814 (full 15):
 garbage-first heap   total 345088K, used 213944K [0x0000000700000000, 0x0000000700100a88, 0x00000007c0000000)
  region size 1024K, 60 young (61440K), 5 survivors (5120K)
 Metaspace       used 100086K, capacity 103171K, committed 107520K, reserved 1140736K
  class space    used 14078K, capacity 14688K, committed 15616K, reserved 1048576K
}
Event: 20921.587 GC heap after
{Heap after GC invocations=815 (full 15):
 garbage-first heap   total 345088K, used 157428K [0x0000000700000000, 0x0000000700100a88, 0x00000007c0000000)
  region size 1024K, 5 young (5120K), 5 survivors (5120K)
 Metaspace       used 100086K, capacity 103171K, committed 107520K, reserved 1140736K
  class space    used 14078K, capacity 14688K, committed 15616K, reserved 1048576K
}
Event: 20926.412 GC heap before
{Heap before GC invocations=815 (full 15):
 garbage-first heap   total 345088K, used 213748K [0x0000000700000000, 0x0000000700100a88, 0x00000007c0000000)
  region size 1024K, 60 young (61440K), 5 survivors (5120K)
 Metaspace       used 100087K, capacity 103171K, committed 107520K, reserved 1140736K
  class space    used 14078K, capacity 14688K, committed 15616K, reserved 1048576K
}
Event: 20926.416 GC heap after
{Heap after GC invocations=816 (full 15):
 garbage-first heap   total 345088K, used 157428K [0x0000000700000000, 0x0000000700100a88, 0x00000007c0000000)
  region size 1024K, 5 young (5120K), 5 survivors (5120K)
 Metaspace       used 100087K, capacity 103171K, committed 107520K, reserved 1140736K
  class space    used 14078K, capacity 14688K, committed 15616K, reserved 1048576K
}
Event: 20939.843 GC heap before
{Heap before GC invocations=816 (full 15):
 garbage-first heap   total 345088K, used 213748K [0x0000000700000000, 0x0000000700100a88, 0x00000007c0000000)
  region size 1024K, 60 young (61440K), 5 survivors (5120K)
 Metaspace       used 100091K, capacity 103235K, committed 107776K, reserved 1140736K
  class space    used 14078K, capacity 14688K, committed 15616K, reserved 1048576K
}
Event: 20939.846 GC heap after
{Heap after GC invocations=817 (full 15):
 garbage-first heap   total 345088K, used 157548K [0x0000000700000000, 0x0000000700100a88, 0x00000007c0000000)
  region size 1024K, 5 young (5120K), 5 survivors (5120K)
 Metaspace       used 100091K, capacity 103235K, committed 107776K, reserved 1140736K
  class space    used 14078K, capacity 14688K, committed 15616K, reserved 1048576K
}
Event: 20942.147 GC heap before
{Heap before GC invocations=817 (full 15):
 garbage-first heap   total 345088K, used 213868K [0x0000000700000000, 0x0000000700100a88, 0x00000007c0000000)
  region size 1024K, 60 young (61440K), 5 survivors (5120K)
 Metaspace       used 100091K, capacity 103235K, committed 107776K, reserved 1140736K
  class space    used 14078K, capacity 14688K, committed 15616K, reserved 1048576K
}
Event: 20942.150 GC heap after
{Heap after GC invocations=818 (full 15):
 garbage-first heap   total 345088K, used 157524K [0x0000000700000000, 0x0000000700100a88, 0x00000007c0000000)
  region size 1024K, 4 young (4096K), 4 survivors (4096K)
 Metaspace       used 100091K, capacity 103235K, committed 107776K, reserved 1140736K
  class space    used 14078K, capacity 14688K, committed 15616K, reserved 1048576K
}

Deoptimization events (10 events):
Event: 20912.414 Thread 0x00000183d82d4000 Uncommon trap: reason=unstable_if action=reinterpret pc=0x00000183c7f11380 method=ui.data.k.aF.m(Lui/data/k/M;)Ljavax/swing/tree/DefaultMutableTreeNode; @ 46 c2
Event: 20912.414 Thread 0x00000183d82d4000 Uncommon trap: reason=unstable_if action=reinterpret pc=0x00000183c6e19314 method=ui.views.R.gl.cH(Lui/data/bh;)Z @ 333 c2
Event: 20912.416 Thread 0x00000183d82d4000 Uncommon trap: reason=unstable_if action=reinterpret pc=0x00000183c793ab88 method=ui.views.R.gl.s(Lui/data/k/M;)Ljava/lang/String; @ 11 c2
Event: 20912.416 Thread 0x00000183d82d4000 Uncommon trap: reason=unstable_if action=reinterpret pc=0x00000183c80fe9f8 method=ui.views.R.gl.gaR()Z @ 20 c2
Event: 20913.310 Thread 0x00000183d82d4000 Uncommon trap: reason=unstable_if action=reinterpret pc=0x00000183c8208930 method=ui.views.R.gl.e(Lui/data/k/aj;)Z @ 57 c2
Event: 20913.332 Thread 0x00000183d82d4000 Uncommon trap: reason=unstable_if action=reinterpret pc=0x00000183c81b3564 method=ui.views.R.gl.es(II)Lui/data/bh; @ 215 c2
Event: 20942.204 Thread 0x00000183d82d4000 Uncommon trap: reason=class_check action=maybe_recompile pc=0x00000183c73060e0 method=com.jidesoft.editor.SyntaxUtils.a(Lcom/jidesoft/editor/CodeEditor;Ljavax/swing/text/Segment;IILjava/awt/Graphics;Ljavax/swing/text/TabExpander;I[I)I @ 247 c2
Event: 20942.204 Thread 0x00000183d82d4000 Uncommon trap: reason=class_check action=maybe_recompile pc=0x00000183c73060e0 method=com.jidesoft.editor.SyntaxUtils.a(Lcom/jidesoft/editor/CodeEditor;Ljavax/swing/text/Segment;IILjava/awt/Graphics;Ljavax/swing/text/TabExpander;I[I)I @ 247 c2
Event: 20942.217 Thread 0x00000183d82d4000 Uncommon trap: reason=unstable_if action=reinterpret pc=0x00000183c64252b0 method=ui.data.common.K.<init>(J)V @ 15 c2
Event: 20947.344 Thread 0x00000183b1d76800 Uncommon trap: reason=unstable_if action=reinterpret pc=0x00000183c81c5850 method=java.lang.StackTraceElement.dropModuleVersion()Z @ 7 c2

Classes redefined (0 events):
No events

Internal exceptions (10 events):
Event: 20912.420 Thread 0x00000183d82d4000 Exception <a 'de/concept/nlview/NlviewException'{0x0000000714a5d450}> (0x0000000714a5d450) thrown at [t:/workspace/hotspot/src/share/vm/prims/jni.cpp, line 604]
Event: 20912.420 Thread 0x00000183d82d4000 Exception <a 'de/concept/nlview/NlviewException'{0x0000000714a5e420}> (0x0000000714a5e420) thrown at [t:/workspace/hotspot/src/share/vm/prims/jni.cpp, line 604]
Event: 20912.420 Thread 0x00000183d82d4000 Exception <a 'de/concept/nlview/NlviewException'{0x0000000714a5f9f8}> (0x0000000714a5f9f8) thrown at [t:/workspace/hotspot/src/share/vm/prims/jni.cpp, line 604]
Event: 20912.420 Thread 0x00000183d82d4000 Exception <a 'de/concept/nlview/NlviewException'{0x0000000714a60fc8}> (0x0000000714a60fc8) thrown at [t:/workspace/hotspot/src/share/vm/prims/jni.cpp, line 604]
Event: 20912.420 Thread 0x00000183d82d4000 Exception <a 'de/concept/nlview/NlviewException'{0x0000000714a74838}> (0x0000000714a74838) thrown at [t:/workspace/hotspot/src/share/vm/prims/jni.cpp, line 604]
Event: 20912.421 Thread 0x00000183d82d4000 Exception <a 'de/concept/nlview/NlviewException'{0x0000000714a78ec0}> (0x0000000714a78ec0) thrown at [t:/workspace/hotspot/src/share/vm/prims/jni.cpp, line 604]
Event: 20912.421 Thread 0x00000183d82d4000 Exception <a 'de/concept/nlview/NlviewException'{0x0000000714a7c9d8}> (0x0000000714a7c9d8) thrown at [t:/workspace/hotspot/src/share/vm/prims/jni.cpp, line 604]
Event: 20912.421 Thread 0x00000183d82d4000 Exception <a 'de/concept/nlview/NlviewException'{0x0000000714a812a0}> (0x0000000714a812a0) thrown at [t:/workspace/hotspot/src/share/vm/prims/jni.cpp, line 604]
Event: 20942.200 Thread 0x00000183d82d4000 Exception <a 'ui/frmwork/CommandFailedException'{0x00000007141baad8}> (0x00000007141baad8) thrown at [t:/workspace/hotspot/src/share/vm/prims/jni.cpp, line 604]
Event: 20942.213 Thread 0x00000183addde800 Exception <a 'ui/frmwork/CommandFailedException'{0x0000000714001ac0}> (0x0000000714001ac0) thrown at [t:/workspace/hotspot/src/share/vm/prims/jni.cpp, line 604]

Events (10 events):
Event: 20947.343 Executing VM operation: RevokeBias
Event: 20947.343 Executing VM operation: RevokeBias done
Event: 20947.343 Executing VM operation: RevokeBias
Event: 20947.344 Executing VM operation: RevokeBias done
Event: 20947.344 Executing VM operation: RevokeBias
Event: 20947.344 Executing VM operation: RevokeBias done
Event: 20947.344 Thread 0x00000183b1d76800 Uncommon trap: trap_request=0xffffff5d fr.pc=0x00000183c81c5850 relative=0x00000000000028b0
Event: 20947.345 Thread 0x00000183b1d76800 DEOPT PACKING pc=0x00000183c81c5850 sp=0x00000068025ff100
Event: 20947.345 Thread 0x00000183b1d76800 DEOPT UNPACKING pc=0x00000183be75df29 sp=0x00000068025ff090 mode 2
Event: 20964.396 Thread 0x00000183adde6800 Thread exited: 0x00000183adde6800


Dynamic libraries:
0x00007ff76be90000 - 0x00007ff76bec0000 	C:\Xilinx\Vivado\2019.1\bin\unwrapped\win64.o\vivado.exe
0x00007ffc927f0000 - 0x00007ffc929e5000 	C:\Windows\SYSTEM32\ntdll.dll
0x00007ffc913c0000 - 0x00007ffc9147d000 	C:\Windows\System32\KERNEL32.DLL
0x00007ffc90290000 - 0x00007ffc90559000 	C:\Windows\System32\KERNELBASE.dll
0x00007ffc90080000 - 0x00007ffc90180000 	C:\Windows\System32\ucrtbase.dll
0x00007ffc68470000 - 0x00007ffc68501000 	C:\Windows\SYSTEM32\MSVCP140.dll
0x00007ffc80e80000 - 0x00007ffc80e94000 	C:\Xilinx\Vivado\2019.1\lib\win64.o\libboost_signals.dll
0x00007ffc80e60000 - 0x00007ffc80e74000 	C:\Xilinx\Vivado\2019.1\lib\win64.o\librdi_commonmain.dll
0x00007ffc68ab0000 - 0x00007ffc68ac9000 	C:\Windows\SYSTEM32\VCRUNTIME140.dll
0x00007ffc68aa0000 - 0x00007ffc68aac000 	C:\Windows\SYSTEM32\VCRUNTIME140_1.dll
0x00007ffc79450000 - 0x00007ffc79476000 	C:\Xilinx\Vivado\2019.1\lib\win64.o\libboost_filesystem.dll
0x00007ffc91620000 - 0x00007ffc916cc000 	C:\Windows\System32\ADVAPI32.dll
0x00007ffc89540000 - 0x00007ffc8954a000 	C:\Xilinx\Vivado\2019.1\lib\win64.o\librdi_commonversion.dll
0x00007ffc91d80000 - 0x00007ffc91e1e000 	C:\Windows\System32\msvcrt.dll
0x00007ffc92660000 - 0x00007ffc926fc000 	C:\Windows\System32\sechost.dll
0x00007ffc1c450000 - 0x00007ffc1d332000 	C:\Xilinx\Vivado\2019.1\lib\win64.o\librdi_common.dll
0x00007ffc920c0000 - 0x00007ffc921eb000 	C:\Windows\System32\RPCRT4.dll
0x00007ffc91480000 - 0x00007ffc91620000 	C:\Windows\System32\USER32.dll
0x00007ffc69c30000 - 0x00007ffc69d51000 	C:\Xilinx\Vivado\2019.1\lib\win64.o\librdi_commonxillic.dll
0x00007ffc8ffb0000 - 0x00007ffc8ffd2000 	C:\Windows\System32\win32u.dll
0x00007ffc91e90000 - 0x00007ffc91eba000 	C:\Windows\System32\GDI32.dll
0x000000005d910000 - 0x000000005da3b000 	C:\Xilinx\Vivado\2019.1\lib\win64.o\tcl85t.dll
0x00007ffc90710000 - 0x00007ffc9081b000 	C:\Windows\System32\gdi32full.dll
0x00007ffc8ffe0000 - 0x00007ffc9007d000 	C:\Windows\System32\msvcp_win.dll
0x00007ffc91e20000 - 0x00007ffc91e8b000 	C:\Windows\System32\WS2_32.dll
0x00007ffc908e0000 - 0x00007ffc91022000 	C:\Windows\System32\SHELL32.dll
0x00007ffc87c40000 - 0x00007ffc87c4b000 	C:\Xilinx\Vivado\2019.1\lib\win64.o\libboost_system.dll
0x00007ffc5e120000 - 0x00007ffc5e48e000 	C:\Xilinx\Vivado\2019.1\lib\win64.o\libCOIN-all.dll
0x00007ffc791a0000 - 0x00007ffc791b4000 	C:\Xilinx\Vivado\2019.1\lib\win64.o\libboost_date_time.dll
0x00007ffc75190000 - 0x00007ffc752a4000 	C:\Xilinx\Vivado\2019.1\lib\win64.o\libboost_regex.dll
0x00007ffc77f80000 - 0x00007ffc77fff000 	C:\Xilinx\Vivado\2019.1\lib\win64.o\libboost_program_options.dll
0x00007ffc79170000 - 0x00007ffc79191000 	C:\Xilinx\Vivado\2019.1\lib\win64.o\libboost_thread.dll
0x00007ffc87aa0000 - 0x00007ffc87aaf000 	C:\Xilinx\Vivado\2019.1\lib\win64.o\libboost_xilinx.dll
0x00007ffc75fe0000 - 0x00007ffc76062000 	C:\Xilinx\Vivado\2019.1\lib\win64.o\libhdlpsolve.dll
0x00007ffc75a60000 - 0x00007ffc75b05000 	C:\Xilinx\Vivado\2019.1\lib\win64.o\libhdxml.dll
0x00007ffc79140000 - 0x00007ffc7916e000 	C:\Xilinx\Vivado\2019.1\lib\win64.o\libisl_sysinfo.dll
0x00007ffc21310000 - 0x00007ffc21ebf400 	C:\Xilinx\Vivado\2019.1\lib\win64.o\libisl_iostreams.dll
0x00007ffc76eb0000 - 0x00007ffc76f15000 	C:\Xilinx\Vivado\2019.1\lib\win64.o\liblmx6.0.dll
0x00007ffc790f0000 - 0x00007ffc7910a000 	C:\Xilinx\Vivado\2019.1\lib\win64.o\pthreadVC2.dll
0x00007ffc77f60000 - 0x00007ffc77f7c000 	C:\Xilinx\Vivado\2019.1\lib\win64.o\librdiconfig.dll
0x00007ffc77ef0000 - 0x00007ffc77f11000 	C:\Xilinx\Vivado\2019.1\lib\win64.o\librdizlib.dll
0x0000000012000000 - 0x0000000012270000 	C:\Xilinx\Vivado\2019.1\lib\win64.o\xerces-c_3_1.dll
0x00007ffc3dc70000 - 0x00007ffc3df48000 	C:\Xilinx\Vivado\2019.1\lib\win64.o\libXil_lmgr11.dll
0x00007ffc91800000 - 0x00007ffc918da000 	C:\Windows\System32\COMDLG32.dll
0x00007ffc91030000 - 0x00007ffc91385000 	C:\Windows\System32\combase.dll
0x00007ffc92700000 - 0x00007ffc927ae000 	C:\Windows\System32\shcore.dll
0x00007ffc6f6b0000 - 0x00007ffc6f6c8000 	C:\Windows\SYSTEM32\NETAPI32.dll
0x00007ffc6e250000 - 0x00007ffc6e72d000 	C:\Windows\SYSTEM32\WININET.dll
0x00007ffc918e0000 - 0x00007ffc91935000 	C:\Windows\System32\SHLWAPI.dll
0x00007ffc8ab90000 - 0x00007ffc8ac9c000 	C:\Windows\SYSTEM32\WINHTTP.dll
0x00007ffc79f90000 - 0x00007ffc7a17e000 	C:\Windows\SYSTEM32\urlmon.dll
0x00007ffc91cb0000 - 0x00007ffc91d7d000 	C:\Windows\System32\OLEAUT32.dll
0x00007ffc916d0000 - 0x00007ffc917fa000 	C:\Windows\System32\ole32.dll
0x00007ffc90230000 - 0x00007ffc90290000 	C:\Windows\System32\WINTRUST.dll
0x00007ffc79280000 - 0x00007ffc79289000 	C:\Windows\SYSTEM32\WSOCK32.dll
0x00007ffc905b0000 - 0x00007ffc9070f000 	C:\Windows\System32\CRYPT32.dll
0x00007ffc77e80000 - 0x00007ffc77ea8000 	C:\Windows\SYSTEM32\VCOMP140.DLL
0x00007ffc1b5b0000 - 0x00007ffc1c441000 	C:\Xilinx\Vivado\2019.1\lib\win64.o\gurobi65.dll
0x00007ffc82a30000 - 0x00007ffc82a3d000 	C:\Xilinx\Vivado\2019.1\lib\win64.o\libboost_chrono.dll
0x00007ffc77e60000 - 0x00007ffc77e7b000 	C:\Xilinx\Vivado\2019.1\lib\win64.o\libboost_iostreams.dll
0x00007ffc77c70000 - 0x00007ffc77c95000 	C:\Xilinx\Vivado\2019.1\lib\win64.o\libisl_iosutils.dll
0x00007ffc62660000 - 0x00007ffc62710000 	C:\Windows\WinSxS\amd64_microsoft.windows.common-controls_6595b64144ccf1df_5.82.19041.844_none_423537bff6b9828c\COMCTL32.dll
0x00007ffc81a10000 - 0x00007ffc81cc0000 	C:\Windows\SYSTEM32\iertutil.dll
0x00007ffc87ca0000 - 0x00007ffc87cbd000 	C:\Windows\SYSTEM32\dhcpcsvc.DLL
0x00007ffc8f4d0000 - 0x00007ffc8f4dc000 	C:\Windows\SYSTEM32\NETUTILS.DLL
0x00007ffc91c70000 - 0x00007ffc91ca0000 	C:\Windows\System32\IMM32.DLL
0x00007ffc8fb20000 - 0x00007ffc8fb32000 	C:\Windows\SYSTEM32\MSASN1.dll
0x00007ffc8e810000 - 0x00007ffc8e822000 	C:\Windows\SYSTEM32\kernel.appcore.dll
0x00007ffc39f40000 - 0x00007ffc3a457000 	C:\Xilinx\Vivado\2019.1\lib\win64.o\librdi_commontasks.dll
0x00007ffc88230000 - 0x00007ffc8823a000 	C:\Windows\SYSTEM32\VERSION.dll
0x00007ffc3d9e0000 - 0x00007ffc3dc66000 	C:\Xilinx\Vivado\2019.1\lib\win64.o\librdi_sio.dll
0x000000005aed0000 - 0x000000005b8f5000 	C:\Xilinx\Vivado\2019.1\tps\win64\jre9.0.4\bin\server\jvm.dll
0x00007ffc913b0000 - 0x00007ffc913b8000 	C:\Windows\System32\PSAPI.DLL
0x00007ffc68a70000 - 0x00007ffc68a97000 	C:\Windows\SYSTEM32\WINMM.dll
0x00007ffc8f3c0000 - 0x00007ffc8f3fb000 	C:\Windows\SYSTEM32\IPHLPAPI.DLL
0x00007ffc6a6d0000 - 0x00007ffc6a7bf000 	C:\Windows\SYSTEM32\MSVCR120.dll
0x00007ffc8f720000 - 0x00007ffc8f78a000 	C:\Windows\SYSTEM32\MSWSOCK.DLL
0x00007ffc8dd70000 - 0x00007ffc8e500000 	C:\Windows\SYSTEM32\windows.storage.dll
0x00007ffc8f9a0000 - 0x00007ffc8f9cc000 	C:\Windows\SYSTEM32\Wldp.dll
0x00007ffc12180000 - 0x00007ffc1463c000 	C:\Xilinx\Vivado\2019.1\lib\win64.o\librdi_tcltasks.dll
0x00007ffc42550000 - 0x00007ffc426e1000 	C:\Xilinx\Vivado\2019.1\lib\win64.o\librdi_board.dll
0x00007ffc76e10000 - 0x00007ffc76e88000 	C:\Xilinx\Vivado\2019.1\lib\win64.o\librdi_boarddep.dll
0x00007ffc648b0000 - 0x00007ffc6499b000 	C:\Xilinx\Vivado\2019.1\lib\win64.o\librdi_chipscope.dll
0x00007ffc3ae00000 - 0x00007ffc3b208000 	C:\Xilinx\Vivado\2019.1\lib\win64.o\librdi_bitstream.dll
0x00007ffc39d80000 - 0x00007ffc39f3d000 	C:\Xilinx\Vivado\2019.1\lib\win64.o\librdi_chipscopeimpl.dll
0x00007ffc61e70000 - 0x00007ffc61fc6000 	C:\Xilinx\Vivado\2019.1\lib\win64.o\librdi_containers.dll
0x00007ffc31550000 - 0x00007ffc31c2a000 	C:\Xilinx\Vivado\2019.1\lib\win64.o\librdi_coregenipxact.dll
0x00007ffc09ab0000 - 0x00007ffc0b49a000 	C:\Xilinx\Vivado\2019.1\lib\win64.o\librdi_constraints.dll
0x00007ffbeee90000 - 0x00007ffbf0d41000 	C:\Xilinx\Vivado\2019.1\lib\win64.o\librdi_coregen.dll
0x00007ffbeae40000 - 0x00007ffbeee83000 	C:\Xilinx\Vivado\2019.1\lib\win64.o\librdi_designutils.dll
0x00007ffc37ea0000 - 0x00007ffc381be000 	C:\Xilinx\Vivado\2019.1\lib\win64.o\librdi_dlyest.dll
0x00007ffc749e0000 - 0x00007ffc74aa4000 	C:\Xilinx\Vivado\2019.1\lib\win64.o\librdi_dsp.dll
0x00007ffc1af60000 - 0x00007ffc1b5ad000 	C:\Xilinx\Vivado\2019.1\lib\win64.o\librdi_filemgmt.dll
0x00007ffc376b0000 - 0x00007ffc37993000 	C:\Xilinx\Vivado\2019.1\lib\win64.o\librdi_guitools.dll
0x00007ffc22aa0000 - 0x00007ffc2303a000 	C:\Xilinx\Vivado\2019.1\lib\win64.o\librdi_drc.dll
0x00007ffbd8a10000 - 0x00007ffbeae3c000 	C:\Xilinx\Vivado\2019.1\lib\win64.o\librdi_device.dll
0x00007ffc70e50000 - 0x00007ffc70eb5000 	C:\Xilinx\Vivado\2019.1\lib\win64.o\librdi_hdf.dll
0x00007ffc19fc0000 - 0x00007ffc1a5d5000 	C:\Xilinx\Vivado\2019.1\lib\win64.o\librdi_memdata.dll
0x00007ffbf8400000 - 0x00007ffbf99c0000 	C:\Xilinx\Vivado\2019.1\lib\win64.o\librdi_implflow.dll
0x00007ffc6fea0000 - 0x00007ffc6ff13000 	C:\Xilinx\Vivado\2019.1\lib\win64.o\librdi_memoryarray.dll
0x00007ffc77af0000 - 0x00007ffc77b3b000 	C:\Xilinx\Vivado\2019.1\lib\win64.o\librdi_pfi.dll
0x00007ffc11ad0000 - 0x00007ffc12172000 	C:\Xilinx\Vivado\2019.1\lib\win64.o\librdi_netlist.dll
0x00007ffc2e0a0000 - 0x00007ffc2e3af000 	C:\Xilinx\Vivado\2019.1\lib\win64.o\librdi_platform.dll
0x00007ffc108c0000 - 0x00007ffc1100a000 	C:\Xilinx\Vivado\2019.1\lib\win64.o\librdi_power.dll
0x00007ffc18b70000 - 0x00007ffc190ef000 	C:\Xilinx\Vivado\2019.1\lib\win64.o\librdi_project.dll
0x00007ffc113c0000 - 0x00007ffc11ac9000 	C:\Xilinx\Vivado\2019.1\lib\win64.o\librdi_psta.dll
0x00007ffc1d3f0000 - 0x00007ffc1d7e1000 	C:\Xilinx\Vivado\2019.1\lib\win64.o\librdi_runs.dll
0x00007ffc093a0000 - 0x00007ffc09aa6000 	C:\Xilinx\Vivado\2019.1\lib\win64.o\librdi_rsb.dll
0x00007ffbd36a0000 - 0x00007ffbd5d16000 	C:\Xilinx\Vivado\2019.1\lib\win64.o\librdi_place.dll
0x00007ffc5e950000 - 0x00007ffc5ea4a000 	C:\Xilinx\Vivado\2019.1\lib\win64.o\librdi_runsbase.dll
0x00007ffc393f0000 - 0x00007ffc39646000 	C:\Xilinx\Vivado\2019.1\lib\win64.o\librdi_simdata.dll
0x00007ffc40600000 - 0x00007ffc40772000 	C:\Xilinx\Vivado\2019.1\lib\win64.o\librdi_advchipscopeimpl.dll
0x00007ffc03530000 - 0x00007ffc04341000 	C:\Xilinx\Vivado\2019.1\lib\win64.o\librdi_timing.dll
0x00007ffc767f0000 - 0x00007ffc7683c000 	C:\Xilinx\Vivado\2019.1\lib\win64.o\libboost_serialization.dll
0x00007ffc3f010000 - 0x00007ffc3f1af000 	C:\Xilinx\Vivado\2019.1\lib\win64.o\librdi_hip_devdesign.dll
0x00007ffc5dba0000 - 0x00007ffc5dc62000 	C:\Xilinx\Vivado\2019.1\lib\win64.o\librdi_ipconfig_readwrite.dll
0x00007ffbd5d20000 - 0x00007ffbd8a06000 	C:\Xilinx\Vivado\2019.1\lib\win64.o\librdi_mig.dll
0x00007ffc75f90000 - 0x00007ffc75fd3000 	C:\Xilinx\Vivado\2019.1\lib\win64.o\librdi_noc_frameworks.dll
0x00007ffbd2b50000 - 0x00007ffbd3697000 	C:\Xilinx\Vivado\2019.1\lib\win64.o\libverific.dll
0x00007ffc1ab70000 - 0x00007ffc1af55000 	C:\Xilinx\Vivado\2019.1\lib\win64.o\librdi_hip_config.dll
0x00007ffc6d130000 - 0x00007ffc6d1ce000 	C:\Xilinx\Vivado\2019.1\lib\win64.o\libise.dll
0x00007ffc19a70000 - 0x00007ffc19fbe000 	C:\Xilinx\Vivado\2019.1\lib\win64.o\librdi_xdm.dll
0x00007ffc75960000 - 0x00007ffc759a0000 	C:\Xilinx\Vivado\2019.1\lib\win64.o\librdi_wavedata_SimpleApi.dll
0x00007ffbd2550000 - 0x00007ffbd2b4c000 	C:\Xilinx\Vivado\2019.1\lib\win64.o\librdi_wavedata.dll
0x00007ffc750e0000 - 0x00007ffc7511f000 	C:\Xilinx\Vivado\2019.1\lib\win64.o\librdi_schedmon.dll
0x00007ffc312f0000 - 0x00007ffc31549000 	C:\Xilinx\Vivado\2019.1\lib\win64.o\librdi_hsm.dll
0x00007ffc6a360000 - 0x00007ffc6a3e8000 	C:\Xilinx\Vivado\2019.1\lib\win64.o\librdi_meir_core.dll
0x00007ffbd13c0000 - 0x00007ffbd254d000 	C:\Xilinx\Vivado\2019.1\lib\win64.o\librdi_route.dll

VM Arguments:
jvm_args: -Dsun.java2d.pmoffscreen=false -Dsun.java2d.xrender=false -Dsun.java2d.d3d=false -Dsun.awt.nopixfmt=true -Dsun.java2d.dpiaware=true -Dsun.java2d.uiScale.enabled=false -Xverify:none -Dswing.aatext=true -XX:-UsePerfData -Djdk.map.althashing.threshold=512 -XX:StringTableSize=4072 --add-opens=java.base/java.nio=ALL-UNNAMED --add-opens=java.desktop/sun.swing=ALL-UNNAMED --add-opens=java.desktop/javax.swing=ALL-UNNAMED --add-opens=java.desktop/javax.swing.tree=ALL-UNNAMED --add-opens=java.desktop/javax.swing.plaf.basic=ALL-UNNAMED --add-opens=java.desktop/javax.swing.plaf.synth=ALL-UNNAMED --add-opens=java.desktop/com.sun.awt=ALL-UNNAMED -XX:NewSize=60m -XX:MaxNewSize=60m -Xms128m -Xmx3072m -Xss5m 
java_command: <unknown>
java_class_path (initial): C:/Xilinx/Vivado/2019.1\lib\classes\alloy.jar;C:/Xilinx/Vivado/2019.1\lib\classes\autopilot.scelaborator.jar;C:/Xilinx/Vivado/2019.1\lib\classes\autopilot.sourceprocessor.jar;C:/Xilinx/Vivado/2019.1\lib\classes\autopilot.tbprocessor.jar;C:/Xilinx/Vivado/2019.1\lib\classes\batik-anim.jar;C:/Xilinx/Vivado/2019.1\lib\classes\batik-awt-util.jar;C:/Xilinx/Vivado/2019.1\lib\classes\batik-bridge.jar;C:/Xilinx/Vivado/2019.1\lib\classes\batik-codec.jar;C:/Xilinx/Vivado/2019.1\lib\classes\batik-css.jar;C:/Xilinx/Vivado/2019.1\lib\classes\batik-dom.jar;C:/Xilinx/Vivado/2019.1\lib\classes\batik-ext.jar;C:/Xilinx/Vivado/2019.1\lib\classes\batik-gui-util.jar;C:/Xilinx/Vivado/2019.1\lib\classes\batik-gvt.jar;C:/Xilinx/Vivado/2019.1\lib\classes\batik-parser.jar;C:/Xilinx/Vivado/2019.1\lib\classes\batik-script.jar;C:/Xilinx/Vivado/2019.1\lib\classes\batik-svg-dom.jar;C:/Xilinx/Vivado/2019.1\lib\classes\batik-swing.jar;C:/Xilinx/Vivado/2019.1\lib\classes\batik-transcoder.jar;C:/Xilinx/Vivado/2019.1\lib\classes\batik-util.jar;C:/Xilinx/Vivado/2019.1\lib\classes\batik-xml.jar;C:/Xilinx/Vivado/2019.1\lib\classes\com.google.gson_2.7.0.v20170129-0911.jar;C:/Xilinx/Vivado/2019.1\lib\classes\com.google.guava_21.0.0.v20170206-1425.jar;C:/Xilinx/Vivado/2019.1\lib\classes\com.google.inject_3.0.0.v201605172100.jar;C:/Xilinx/Vivado/2019.1\lib\classes\com.ibm.icu_4.4.2.v20110208.jar;C:/Xilinx/Vivado/2019.1\lib\classes\com.sigasi.hdt.annotations.runtime_4.3.0.201903071210.jar;C:/Xilinx/Vivado/2019.1\lib\classes\com.sigasi.hdt.blockdiagram.model_4.3.0.201903071210.jar;C:/Xilinx/Vivado/2019.1\lib\classes\com.sigasi.hdt.connection_4.3.0.201903071210.jar;C:/Xilinx/Vivado/2019.1\lib\classes\com.sigasi.hdt.dependencies.model_4.3.0.201903071210.jar;C:/Xilinx/Vivado/2019.1\lib\classes\com.sigasi.hdt.epl_4.3.0.201903071210.jar;C:/Xilinx/Vivado/2019.1\lib\classes\com.sigasi.hdt.graphics.model_4.3.0.201903071210.jar;C:/Xilinx/Vivado/2019.1\lib\classes\com.sigasi.hdt.project_4.3.0
Launcher Type: generic

Logging:
Log output configuration:
#0: stdout all=warning uptime,level,tags
#1: stderr all=off uptime,level,tags

Environment Variables:
PATH=C:/Xilinx/Vivado/2019.1/bin;C:/Xilinx/Vivado/2019.1/lib/win64.o;C:/Xilinx/Vivado/2019.1/tps/win64/jre9.0.4/bin/server;C:/Xilinx/Vivado/2019.1/tps/win64/jre9.0.4/bin;C:/Xilinx/SDK/2019.1/bin;C:/Xilinx/Vivado/2019.1/ids_lite/ISE/bin/nt64;C:/Xilinx/Vivado/2019.1/ids_lite/ISE/lib/nt64;C:\Windows\system32;C:\Windows;C:\Windows\System32\Wbem;C:\Windows\System32\WindowsPowerShell\v1.0\;C:\Windows\System32\OpenSSH\;C:\Program Files (x86)\NVIDIA Corporation\PhysX\Common;C:\Program Files\NVIDIA Corporation\NVIDIA NvDLISR;C:\Program Files\PuTTY\;C:\Program Files\Git\cmd;C:\Users\luigi\Python\Python38-32\Scripts\;C:\Users\luigi\Python\Python38-32\;C:\Users\luigi\AppData\Local\Microsoft\WindowsApps;;C:\Users\luigi\AppData\Local\Programs\Microsoft VS Code\bin;C:/Xilinx/Vivado/2019.1\tps\mingw\6.2.0\win64.o\nt\bin;C:/Xilinx/Vivado/2019.1\tps\mingw\6.2.0\win64.o\nt\libexec\gcc\x86_64-w64-mingw32\6.2.0;C:/Xilinx/Vivado/2019.1\tps\win64\python-2.7.5;C:/Xilinx/Vivado/2019.1\tps\win64\python-2.7.5\lib;C:/Xilinx/Vivado/2019.1\tps\win64\python-2.7.5\Lib\lib-tk;C:/Xilinx/Vivado/2019.1\tps\win64\python-2.7.5\lib\site-packages
USERNAME=luigi
OS=Windows_NT
PROCESSOR_IDENTIFIER=Intel64 Family 6 Model 165 Stepping 2, GenuineIntel



---------------  S Y S T E M  ---------------

OS: Windows 10 , 64 bit Build 19041 (10.0.19041.804)

CPU:total 16 (initial active 16) (8 cores per cpu, 2 threads per core) family 6 model 165 stepping 2, cmov, cx8, fxsr, mmx, sse, sse2, sse3, ssse3, sse4.1, sse4.2, popcnt, avx, avx2, aes, clmul, erms, 3dnowpref, lzcnt, ht, tsc, tscinvbit, bmi1, bmi2, adx, fma

Memory: 4k page, physical 16511684k(8221580k free), swap 19002052k(4717916k free)

vm_info: Java HotSpot(TM) 64-Bit Server VM (9.0.4+11) for windows-amd64 JRE (9.0.4+11), built on Dec 20 2017 02:18:54 by "mach5one" with MS VC++ 12.0 (VS2013)

END.
