#-----------------------------------------------------------
# Vivado v2019.2 (64-bit)
# SW Build 2708876 on Wed Nov  6 21:40:23 MST 2019
# IP Build 2700528 on Thu Nov  7 00:09:20 MST 2019
# Start of session at: Mon May 23 18:05:04 2022
# Process ID: 16280
# Current directory: C:/Users/SER/Desktop/T2K/mPMT/MAIN_ACQ_ZYNQ _v6_BUG_fixing/MAIN_ACQ
# Command line: vivado.exe -gui_launcher_event rodinguilauncherevent39132 C:\Users\SER\Desktop\T2K\mPMT\MAIN_ACQ_ZYNQ _v6_BUG_fixing\MAIN_ACQ\MAIN_ACQ.xpr
# Log file: C:/Users/SER/Desktop/T2K/mPMT/MAIN_ACQ_ZYNQ _v6_BUG_fixing/MAIN_ACQ/vivado.log
# Journal file: C:/Users/SER/Desktop/T2K/mPMT/MAIN_ACQ_ZYNQ _v6_BUG_fixing/MAIN_ACQ\vivado.jou
#-----------------------------------------------------------
start_gui
open_project {C:/Users/SER/Desktop/T2K/mPMT/MAIN_ACQ_ZYNQ _v6_BUG_fixing/MAIN_ACQ/MAIN_ACQ.xpr}
Scanning sources...
Finished scanning sources
INFO: [IP_Flow 19-234] Refreshing IP repositories
INFO: [IP_Flow 19-1700] Loaded user IP repository 'c:/Users/SER/Desktop/T2K/mPMT/MAIN_ACQ_ZYNQ _v6_BUG_fixing/ip_repo/myip2_1.0'.
INFO: [IP_Flow 19-1700] Loaded user IP repository 'c:/Users/SER/Desktop/T2K/mPMT/MAIN_ACQ_ZYNQ _v6_BUG_fixing/ip_repo/myip_1.0'.
INFO: [IP_Flow 19-1700] Loaded user IP repository 'c:/Users/SER/Desktop/T2K/mPMT/MAIN_ACQ_ZYNQ _v6_BUG_fixing/ip_repo/RunControl_1.0'.
INFO: [IP_Flow 19-2313] Loaded Vivado IP repository 'C:/Xilinx/Vivado/2019.2/data/ip'.
open_project: Time (s): cpu = 00:00:17 ; elapsed = 00:00:10 . Memory (MB): peak = 1128.453 ; gain = 226.109
update_compile_order -fileset sources_1
