#-----------------------------------------------------------
# Vivado v2019.2 (64-bit)
# SW Build 2708876 on Wed Nov  6 21:40:23 MST 2019
# IP Build 2700528 on Thu Nov  7 00:09:20 MST 2019
# Start of session at: Thu Sep  5 19:33:49 2024
# Process ID: 23000
# Current directory: C:/Users/SER/Desktop/T2K/mPMT/MAIN_ACQ-DEVEL/MAIN_ACQ_ZYNQ_v6_BUG_fixing/MAIN_ACQ
# Command line: vivado.exe -gui_launcher_event rodinguilauncherevent23840 C:\Users\SER\Desktop\T2K\mPMT\MAIN_ACQ-DEVEL\MAIN_ACQ_ZYNQ_v6_BUG_fixing\MAIN_ACQ\MAIN_ACQ.xpr
# Log file: C:/Users/SER/Desktop/T2K/mPMT/MAIN_ACQ-DEVEL/MAIN_ACQ_ZYNQ_v6_BUG_fixing/MAIN_ACQ/vivado.log
# Journal file: C:/Users/SER/Desktop/T2K/mPMT/MAIN_ACQ-DEVEL/MAIN_ACQ_ZYNQ_v6_BUG_fixing/MAIN_ACQ\vivado.jou
#-----------------------------------------------------------
start_gui
open_project C:/Users/SER/Desktop/T2K/mPMT/MAIN_ACQ-DEVEL/MAIN_ACQ_ZYNQ_v6_BUG_fixing/MAIN_ACQ/MAIN_ACQ.xpr
INFO: [ProjectBase 1-489] The host OS only allows 260 characters in a normal path. The project is stored in a path with more than 80 characters. If you experience issues with IP, Block Designs, or files not being found, please consider moving the project to a location with a shorter path. Alternately consider using the OS subst command to map part of the path to a drive letter.
Current project path is 'C:/Users/SER/Desktop/T2K/mPMT/MAIN_ACQ-DEVEL/MAIN_ACQ_ZYNQ_v6_BUG_fixing/MAIN_ACQ'
INFO: [Project 1-313] Project file moved from 'D:/LAVORO/Istituto Nazionale di Fisica Nucleare/Alfonso Boiano - T2K/Xilinx/mPMT/MAIN_ACQ-DEVEL/MAIN_ACQ_ZYNQ_v6_BUG_fixing/MAIN_ACQ' since last save.
Scanning sources...
Finished scanning sources
INFO: [IP_Flow 19-234] Refreshing IP repositories
INFO: [IP_Flow 19-1700] Loaded user IP repository 'c:/Users/SER/Desktop/T2K/mPMT/MAIN_ACQ-DEVEL/MAIN_ACQ_ZYNQ_v6_BUG_fixing/ip_repo/myip2_1.0'.
INFO: [IP_Flow 19-1700] Loaded user IP repository 'c:/Users/SER/Desktop/T2K/mPMT/MAIN_ACQ-DEVEL/MAIN_ACQ_ZYNQ_v6_BUG_fixing/ip_repo/myip_1.0'.
INFO: [IP_Flow 19-1700] Loaded user IP repository 'c:/Users/SER/Desktop/T2K/mPMT/MAIN_ACQ-DEVEL/MAIN_ACQ_ZYNQ_v6_BUG_fixing/ip_repo/RunControl_1.0'.
INFO: [IP_Flow 19-2313] Loaded Vivado IP repository 'C:/Xilinx/Vivado/2019.2/data/ip'.
WARNING: [IP_Flow 19-3664] IP 'TOP_block_version_ip_v1_0_0_0' generated file not found 'c:/Users/SER/Desktop/T2K/mPMT/MAIN_ACQ-DEVEL/MAIN_ACQ_ZYNQ_v6_BUG_fixing/MAIN_ACQ/MAIN_ACQ.srcs/sources_1/bd/TOP_block/ip/TOP_block_version_ip_v1_0_0_0/TOP_block_version_ip_v1_0_0_0.dcp'. Please regenerate to continue.
WARNING: [IP_Flow 19-3664] IP 'TOP_block_version_ip_v1_0_0_0' generated file not found 'c:/Users/SER/Desktop/T2K/mPMT/MAIN_ACQ-DEVEL/MAIN_ACQ_ZYNQ_v6_BUG_fixing/MAIN_ACQ/MAIN_ACQ.srcs/sources_1/bd/TOP_block/ip/TOP_block_version_ip_v1_0_0_0/TOP_block_version_ip_v1_0_0_0_stub.v'. Please regenerate to continue.
WARNING: [IP_Flow 19-3664] IP 'TOP_block_version_ip_v1_0_0_0' generated file not found 'c:/Users/SER/Desktop/T2K/mPMT/MAIN_ACQ-DEVEL/MAIN_ACQ_ZYNQ_v6_BUG_fixing/MAIN_ACQ/MAIN_ACQ.srcs/sources_1/bd/TOP_block/ip/TOP_block_version_ip_v1_0_0_0/TOP_block_version_ip_v1_0_0_0_stub.vhdl'. Please regenerate to continue.
WARNING: [IP_Flow 19-3664] IP 'TOP_block_version_ip_v1_0_0_0' generated file not found 'c:/Users/SER/Desktop/T2K/mPMT/MAIN_ACQ-DEVEL/MAIN_ACQ_ZYNQ_v6_BUG_fixing/MAIN_ACQ/MAIN_ACQ.srcs/sources_1/bd/TOP_block/ip/TOP_block_version_ip_v1_0_0_0/TOP_block_version_ip_v1_0_0_0_sim_netlist.v'. Please regenerate to continue.
WARNING: [IP_Flow 19-3664] IP 'TOP_block_version_ip_v1_0_0_0' generated file not found 'c:/Users/SER/Desktop/T2K/mPMT/MAIN_ACQ-DEVEL/MAIN_ACQ_ZYNQ_v6_BUG_fixing/MAIN_ACQ/MAIN_ACQ.srcs/sources_1/bd/TOP_block/ip/TOP_block_version_ip_v1_0_0_0/TOP_block_version_ip_v1_0_0_0_sim_netlist.vhdl'. Please regenerate to continue.
open_project: Time (s): cpu = 00:00:17 ; elapsed = 00:00:11 . Memory (MB): peak = 1000.098 ; gain = 309.020
update_compile_order -fileset sources_1
reset_run TOP_block_version_ip_v1_0_0_0_synth_1
reset_run synth_1
launch_runs synth_1 -jobs 7
[Thu Sep  5 19:35:18 2024] Launched TOP_block_version_ip_v1_0_0_0_synth_1...
Run output will be captured here: C:/Users/SER/Desktop/T2K/mPMT/MAIN_ACQ-DEVEL/MAIN_ACQ_ZYNQ_v6_BUG_fixing/MAIN_ACQ/MAIN_ACQ.runs/TOP_block_version_ip_v1_0_0_0_synth_1/runme.log
[Thu Sep  5 19:35:18 2024] Launched synth_1...
Run output will be captured here: C:/Users/SER/Desktop/T2K/mPMT/MAIN_ACQ-DEVEL/MAIN_ACQ_ZYNQ_v6_BUG_fixing/MAIN_ACQ/MAIN_ACQ.runs/synth_1/runme.log
reset_run synth_1
import_files -fileset utils_1 -force C:/Users/SER/Downloads/revision.tcl
set_property STEPS.SYNTH_DESIGN.TCL.PRE [ get_files C:/Users/SER/Desktop/T2K/mPMT/MAIN_ACQ-DEVEL/MAIN_ACQ_ZYNQ_v6_BUG_fixing/MAIN_ACQ/MAIN_ACQ.srcs/utils_1/imports/Downloads/revision.tcl -of [get_fileset utils_1] ] [get_runs synth_1]
launch_runs synth_1 -jobs 7
[Thu Sep  5 19:36:57 2024] Launched synth_1...
Run output will be captured here: C:/Users/SER/Desktop/T2K/mPMT/MAIN_ACQ-DEVEL/MAIN_ACQ_ZYNQ_v6_BUG_fixing/MAIN_ACQ/MAIN_ACQ.runs/synth_1/runme.log
launch_runs impl_timing -jobs 7
[Thu Sep  5 19:38:55 2024] Launched impl_timing...
Run output will be captured here: C:/Users/SER/Desktop/T2K/mPMT/MAIN_ACQ-DEVEL/MAIN_ACQ_ZYNQ_v6_BUG_fixing/MAIN_ACQ/MAIN_ACQ.runs/impl_timing/runme.log
